{"C:\\Users\\Socar\\Documents\\projects\\npm-depot\\bassaudio-updated\\index.js": {"path":"C:\\Users\\Socar\\Documents\\projects\\npm-depot\\bassaudio-updated\\index.js","statementMap":{"0":{"start":{"line":17,"column":14},"end":{"line":17,"column":30}},"1":{"start":{"line":18,"column":18},"end":{"line":18,"column":38}},"2":{"start":{"line":19,"column":0},"end":{"line":23,"column":1}},"3":{"start":{"line":20,"column":2},"end":{"line":20,"column":14}},"4":{"start":{"line":22,"column":2},"end":{"line":22,"column":45}},"5":{"start":{"line":25,"column":21},"end":{"line":25,"column":51}},"6":{"start":{"line":27,"column":13},"end":{"line":27,"column":28}},"7":{"start":{"line":28,"column":15},"end":{"line":28,"column":41}},"8":{"start":{"line":29,"column":12},"end":{"line":29,"column":31}},"9":{"start":{"line":30,"column":12},"end":{"line":30,"column":31}},"10":{"start":{"line":31,"column":11},"end":{"line":31,"column":24}},"11":{"start":{"line":33,"column":23},"end":{"line":35,"column":1}},"12":{"start":{"line":34,"column":26},"end":{"line":34,"column":77}},"13":{"start":{"line":39,"column":4},"end":{"line":39,"column":17}},"14":{"start":{"line":40,"column":4},"end":{"line":40,"column":21}},"15":{"start":{"line":41,"column":4},"end":{"line":41,"column":19}},"16":{"start":{"line":42,"column":4},"end":{"line":42,"column":16}},"17":{"start":{"line":45,"column":4},"end":{"line":45,"column":47}},"18":{"start":{"line":48,"column":4},"end":{"line":48,"column":26}},"19":{"start":{"line":48,"column":13},"end":{"line":48,"column":26}},"20":{"start":{"line":49,"column":4},"end":{"line":49,"column":17}},"21":{"start":{"line":50,"column":4},"end":{"line":50,"column":16}},"22":{"start":{"line":53,"column":4},"end":{"line":53,"column":42}},"23":{"start":{"line":56,"column":4},"end":{"line":56,"column":19}},"24":{"start":{"line":59,"column":4},"end":{"line":59,"column":55}},"25":{"start":{"line":59,"column":26},"end":{"line":59,"column":55}},"26":{"start":{"line":60,"column":4},"end":{"line":60,"column":59}},"27":{"start":{"line":65,"column":11},"end":{"line":65,"column":24}},"28":{"start":{"line":66,"column":13},"end":{"line":66,"column":22}},"29":{"start":{"line":68,"column":2},"end":{"line":105,"column":3}},"30":{"start":{"line":70,"column":26},"end":{"line":75,"column":7}},"31":{"start":{"line":76,"column":6},"end":{"line":82,"column":7}},"32":{"start":{"line":77,"column":8},"end":{"line":77,"column":56}},"33":{"start":{"line":78,"column":13},"end":{"line":82,"column":7}},"34":{"start":{"line":79,"column":8},"end":{"line":79,"column":56}},"35":{"start":{"line":81,"column":8},"end":{"line":81,"column":20}},"36":{"start":{"line":84,"column":28},"end":{"line":89,"column":7}},"37":{"start":{"line":90,"column":6},"end":{"line":90,"column":56}},"38":{"start":{"line":92,"column":28},"end":{"line":97,"column":7}},"39":{"start":{"line":98,"column":6},"end":{"line":104,"column":7}},"40":{"start":{"line":99,"column":8},"end":{"line":99,"column":60}},"41":{"start":{"line":100,"column":13},"end":{"line":104,"column":7}},"42":{"start":{"line":101,"column":8},"end":{"line":101,"column":60}},"43":{"start":{"line":103,"column":8},"end":{"line":103,"column":20}},"44":{"start":{"line":106,"column":2},"end":{"line":106,"column":14}},"45":{"start":{"line":121,"column":31},"end":{"line":121,"column":56}},"46":{"start":{"line":122,"column":2},"end":{"line":122,"column":48}},"47":{"start":{"line":123,"column":19},"end":{"line":123,"column":73}},"48":{"start":{"line":125,"column":2},"end":{"line":127,"column":3}},"49":{"start":{"line":126,"column":4},"end":{"line":126,"column":42}},"50":{"start":{"line":129,"column":13},"end":{"line":129,"column":27}},"51":{"start":{"line":130,"column":14},"end":{"line":130,"column":31}},"52":{"start":{"line":131,"column":13},"end":{"line":131,"column":30}},"53":{"start":{"line":139,"column":2},"end":{"line":143,"column":5}},"54":{"start":{"line":161,"column":2},"end":{"line":176,"column":5}},"55":{"start":{"line":183,"column":2},"end":{"line":189,"column":5}},"56":{"start":{"line":191,"column":2},"end":{"line":233,"column":4}},"57":{"start":{"line":235,"column":2},"end":{"line":243,"column":4}},"58":{"start":{"line":245,"column":2},"end":{"line":270,"column":4}},"59":{"start":{"line":271,"column":2},"end":{"line":280,"column":5}},"60":{"start":{"line":282,"column":2},"end":{"line":290,"column":5}},"61":{"start":{"line":292,"column":27},"end":{"line":292,"column":36}},"62":{"start":{"line":293,"column":24},"end":{"line":293,"column":33}},"63":{"start":{"line":294,"column":26},"end":{"line":294,"column":35}},"64":{"start":{"line":295,"column":25},"end":{"line":295,"column":34}},"65":{"start":{"line":296,"column":24},"end":{"line":296,"column":34}},"66":{"start":{"line":297,"column":25},"end":{"line":297,"column":35}},"67":{"start":{"line":299,"column":2},"end":{"line":314,"column":4}},"68":{"start":{"line":316,"column":2},"end":{"line":323,"column":4}},"69":{"start":{"line":325,"column":2},"end":{"line":351,"column":4}},"70":{"start":{"line":353,"column":2},"end":{"line":374,"column":4}},"71":{"start":{"line":376,"column":2},"end":{"line":393,"column":4}},"72":{"start":{"line":395,"column":2},"end":{"line":406,"column":4}},"73":{"start":{"line":408,"column":2},"end":{"line":413,"column":4}},"74":{"start":{"line":415,"column":2},"end":{"line":430,"column":4}},"75":{"start":{"line":432,"column":2},"end":{"line":482,"column":4}},"76":{"start":{"line":484,"column":2},"end":{"line":495,"column":4}},"77":{"start":{"line":497,"column":2},"end":{"line":535,"column":4}},"78":{"start":{"line":537,"column":2},"end":{"line":544,"column":4}},"79":{"start":{"line":546,"column":2},"end":{"line":550,"column":4}},"80":{"start":{"line":551,"column":2},"end":{"line":570,"column":4}},"81":{"start":{"line":572,"column":2},"end":{"line":576,"column":4}},"82":{"start":{"line":578,"column":2},"end":{"line":592,"column":4}},"83":{"start":{"line":593,"column":2},"end":{"line":601,"column":4}},"84":{"start":{"line":594,"column":30},"end":{"line":594,"column":58}},"85":{"start":{"line":596,"column":6},"end":{"line":596,"column":44}},"86":{"start":{"line":597,"column":22},"end":{"line":597,"column":40}},"87":{"start":{"line":598,"column":22},"end":{"line":598,"column":40}},"88":{"start":{"line":599,"column":23},"end":{"line":599,"column":41}},"89":{"start":{"line":600,"column":26},"end":{"line":600,"column":44}},"90":{"start":{"line":603,"column":2},"end":{"line":615,"column":4}},"91":{"start":{"line":607,"column":6},"end":{"line":607,"column":40}},"92":{"start":{"line":608,"column":6},"end":{"line":613,"column":8}},"93":{"start":{"line":617,"column":21},"end":{"line":623,"column":3}},"94":{"start":{"line":621,"column":6},"end":{"line":621,"column":26}},"95":{"start":{"line":624,"column":19},"end":{"line":631,"column":3}},"96":{"start":{"line":628,"column":6},"end":{"line":628,"column":32}},"97":{"start":{"line":633,"column":22},"end":{"line":633,"column":55}},"98":{"start":{"line":634,"column":20},"end":{"line":634,"column":54}},"99":{"start":{"line":635,"column":2},"end":{"line":635,"column":45}},"100":{"start":{"line":636,"column":17},"end":{"line":636,"column":45}},"101":{"start":{"line":637,"column":16},"end":{"line":637,"column":43}},"102":{"start":{"line":638,"column":19},"end":{"line":638,"column":52}},"103":{"start":{"line":640,"column":20},"end":{"line":640,"column":22}},"104":{"start":{"line":641,"column":23},"end":{"line":641,"column":25}},"105":{"start":{"line":642,"column":23},"end":{"line":642,"column":25}},"106":{"start":{"line":643,"column":24},"end":{"line":643,"column":26}},"107":{"start":{"line":644,"column":2},"end":{"line":659,"column":3}},"108":{"start":{"line":645,"column":4},"end":{"line":645,"column":29}},"109":{"start":{"line":646,"column":4},"end":{"line":646,"column":35}},"110":{"start":{"line":647,"column":4},"end":{"line":647,"column":35}},"111":{"start":{"line":648,"column":4},"end":{"line":648,"column":33}},"112":{"start":{"line":649,"column":9},"end":{"line":659,"column":3}},"113":{"start":{"line":650,"column":4},"end":{"line":650,"column":34}},"114":{"start":{"line":651,"column":4},"end":{"line":651,"column":40}},"115":{"start":{"line":652,"column":4},"end":{"line":652,"column":40}},"116":{"start":{"line":653,"column":4},"end":{"line":653,"column":38}},"117":{"start":{"line":654,"column":9},"end":{"line":659,"column":3}},"118":{"start":{"line":655,"column":4},"end":{"line":655,"column":31}},"119":{"start":{"line":656,"column":4},"end":{"line":656,"column":37}},"120":{"start":{"line":657,"column":4},"end":{"line":657,"column":37}},"121":{"start":{"line":658,"column":4},"end":{"line":658,"column":35}},"122":{"start":{"line":660,"column":2},"end":{"line":660,"column":49}},"123":{"start":{"line":661,"column":2},"end":{"line":661,"column":55}},"124":{"start":{"line":662,"column":2},"end":{"line":662,"column":55}},"125":{"start":{"line":663,"column":2},"end":{"line":663,"column":57}},"126":{"start":{"line":664,"column":2},"end":{"line":664,"column":39}},"127":{"start":{"line":665,"column":2},"end":{"line":665,"column":39}},"128":{"start":{"line":666,"column":2},"end":{"line":666,"column":41}},"129":{"start":{"line":668,"column":2},"end":{"line":668,"column":27}},"130":{"start":{"line":669,"column":2},"end":{"line":669,"column":29}},"131":{"start":{"line":671,"column":2},"end":{"line":671,"column":45}},"132":{"start":{"line":673,"column":2},"end":{"line":748,"column":4}},"133":{"start":{"line":753,"column":2},"end":{"line":753,"column":26}},"134":{"start":{"line":756,"column":11},"end":{"line":756,"column":26}},"135":{"start":{"line":757,"column":0},"end":{"line":757,"column":34}},"136":{"start":{"line":759,"column":0},"end":{"line":767,"column":2}},"137":{"start":{"line":760,"column":13},"end":{"line":760,"column":39}},"138":{"start":{"line":762,"column":10},"end":{"line":762,"column":11}},"139":{"start":{"line":763,"column":2},"end":{"line":765,"column":3}},"140":{"start":{"line":764,"column":4},"end":{"line":764,"column":8}},"141":{"start":{"line":766,"column":2},"end":{"line":766,"column":11}},"142":{"start":{"line":769,"column":0},"end":{"line":829,"column":2}},"143":{"start":{"line":770,"column":12},"end":{"line":770,"column":14}},"144":{"start":{"line":771,"column":13},"end":{"line":771,"column":39}},"145":{"start":{"line":773,"column":10},"end":{"line":773,"column":11}},"146":{"start":{"line":774,"column":2},"end":{"line":827,"column":3}},"147":{"start":{"line":776,"column":12},"end":{"line":776,"column":24}},"148":{"start":{"line":777,"column":4},"end":{"line":777,"column":23}},"149":{"start":{"line":778,"column":4},"end":{"line":778,"column":27}},"150":{"start":{"line":779,"column":4},"end":{"line":779,"column":25}},"151":{"start":{"line":780,"column":4},"end":{"line":782,"column":52}},"152":{"start":{"line":783,"column":4},"end":{"line":785,"column":52}},"153":{"start":{"line":786,"column":4},"end":{"line":788,"column":49}},"154":{"start":{"line":789,"column":4},"end":{"line":791,"column":57}},"155":{"start":{"line":792,"column":4},"end":{"line":794,"column":61}},"156":{"start":{"line":795,"column":4},"end":{"line":797,"column":57}},"157":{"start":{"line":798,"column":4},"end":{"line":800,"column":54}},"158":{"start":{"line":801,"column":4},"end":{"line":803,"column":60}},"159":{"start":{"line":804,"column":4},"end":{"line":806,"column":57}},"160":{"start":{"line":807,"column":4},"end":{"line":809,"column":54}},"161":{"start":{"line":810,"column":4},"end":{"line":812,"column":54}},"162":{"start":{"line":813,"column":4},"end":{"line":815,"column":60}},"163":{"start":{"line":816,"column":4},"end":{"line":818,"column":57}},"164":{"start":{"line":819,"column":4},"end":{"line":821,"column":55}},"165":{"start":{"line":822,"column":4},"end":{"line":824,"column":58}},"166":{"start":{"line":825,"column":4},"end":{"line":825,"column":16}},"167":{"start":{"line":826,"column":4},"end":{"line":826,"column":8}},"168":{"start":{"line":828,"column":2},"end":{"line":828,"column":13}},"169":{"start":{"line":831,"column":0},"end":{"line":895,"column":2}},"170":{"start":{"line":832,"column":2},"end":{"line":839,"column":3}},"171":{"start":{"line":833,"column":15},"end":{"line":833,"column":32}},"172":{"start":{"line":834,"column":4},"end":{"line":838,"column":5}},"173":{"start":{"line":835,"column":6},"end":{"line":837,"column":7}},"174":{"start":{"line":836,"column":8},"end":{"line":836,"column":23}},"175":{"start":{"line":840,"column":13},"end":{"line":840,"column":39}},"176":{"start":{"line":842,"column":2},"end":{"line":842,"column":54}},"177":{"start":{"line":843,"column":10},"end":{"line":843,"column":22}},"178":{"start":{"line":845,"column":2},"end":{"line":845,"column":21}},"179":{"start":{"line":846,"column":2},"end":{"line":846,"column":25}},"180":{"start":{"line":847,"column":2},"end":{"line":847,"column":23}},"181":{"start":{"line":848,"column":2},"end":{"line":850,"column":50}},"182":{"start":{"line":851,"column":2},"end":{"line":853,"column":50}},"183":{"start":{"line":854,"column":2},"end":{"line":856,"column":47}},"184":{"start":{"line":857,"column":2},"end":{"line":859,"column":55}},"185":{"start":{"line":860,"column":2},"end":{"line":862,"column":59}},"186":{"start":{"line":863,"column":2},"end":{"line":865,"column":55}},"187":{"start":{"line":866,"column":2},"end":{"line":868,"column":52}},"188":{"start":{"line":869,"column":2},"end":{"line":871,"column":58}},"189":{"start":{"line":872,"column":2},"end":{"line":874,"column":55}},"190":{"start":{"line":875,"column":2},"end":{"line":877,"column":52}},"191":{"start":{"line":878,"column":2},"end":{"line":880,"column":52}},"192":{"start":{"line":881,"column":2},"end":{"line":883,"column":58}},"193":{"start":{"line":884,"column":2},"end":{"line":886,"column":55}},"194":{"start":{"line":887,"column":2},"end":{"line":889,"column":53}},"195":{"start":{"line":890,"column":2},"end":{"line":892,"column":56}},"196":{"start":{"line":894,"column":2},"end":{"line":894,"column":11}},"197":{"start":{"line":897,"column":0},"end":{"line":899,"column":2}},"198":{"start":{"line":898,"column":2},"end":{"line":898,"column":52}},"199":{"start":{"line":900,"column":0},"end":{"line":902,"column":2}},"200":{"start":{"line":901,"column":2},"end":{"line":901,"column":45}},"201":{"start":{"line":903,"column":0},"end":{"line":905,"column":2}},"202":{"start":{"line":904,"column":2},"end":{"line":904,"column":57}},"203":{"start":{"line":906,"column":0},"end":{"line":908,"column":2}},"204":{"start":{"line":907,"column":2},"end":{"line":907,"column":42}},"205":{"start":{"line":910,"column":0},"end":{"line":912,"column":2}},"206":{"start":{"line":911,"column":2},"end":{"line":911,"column":62}},"207":{"start":{"line":914,"column":0},"end":{"line":916,"column":2}},"208":{"start":{"line":915,"column":2},"end":{"line":915,"column":40}},"209":{"start":{"line":918,"column":0},"end":{"line":926,"column":2}},"210":{"start":{"line":925,"column":2},"end":{"line":925,"column":69}},"211":{"start":{"line":928,"column":0},"end":{"line":942,"column":2}},"212":{"start":{"line":935,"column":2},"end":{"line":941,"column":4}},"213":{"start":{"line":944,"column":0},"end":{"line":946,"column":2}},"214":{"start":{"line":945,"column":2},"end":{"line":945,"column":72}},"215":{"start":{"line":948,"column":0},"end":{"line":950,"column":2}},"216":{"start":{"line":949,"column":2},"end":{"line":949,"column":56}},"217":{"start":{"line":952,"column":0},"end":{"line":954,"column":2}},"218":{"start":{"line":953,"column":2},"end":{"line":953,"column":48}},"219":{"start":{"line":956,"column":0},"end":{"line":958,"column":2}},"220":{"start":{"line":957,"column":2},"end":{"line":957,"column":47}},"221":{"start":{"line":960,"column":0},"end":{"line":962,"column":2}},"222":{"start":{"line":961,"column":2},"end":{"line":961,"column":60}},"223":{"start":{"line":964,"column":0},"end":{"line":966,"column":2}},"224":{"start":{"line":965,"column":2},"end":{"line":965,"column":65}},"225":{"start":{"line":968,"column":0},"end":{"line":970,"column":2}},"226":{"start":{"line":969,"column":2},"end":{"line":969,"column":58}},"227":{"start":{"line":972,"column":0},"end":{"line":974,"column":2}},"228":{"start":{"line":973,"column":2},"end":{"line":973,"column":61}},"229":{"start":{"line":976,"column":0},"end":{"line":978,"column":2}},"230":{"start":{"line":977,"column":2},"end":{"line":977,"column":61}},"231":{"start":{"line":980,"column":0},"end":{"line":982,"column":2}},"232":{"start":{"line":981,"column":2},"end":{"line":981,"column":51}},"233":{"start":{"line":984,"column":0},"end":{"line":986,"column":2}},"234":{"start":{"line":985,"column":2},"end":{"line":985,"column":65}},"235":{"start":{"line":988,"column":0},"end":{"line":990,"column":2}},"236":{"start":{"line":989,"column":2},"end":{"line":989,"column":51}},"237":{"start":{"line":992,"column":0},"end":{"line":994,"column":2}},"238":{"start":{"line":993,"column":2},"end":{"line":993,"column":70}},"239":{"start":{"line":996,"column":0},"end":{"line":998,"column":2}},"240":{"start":{"line":997,"column":2},"end":{"line":997,"column":70}},"241":{"start":{"line":1000,"column":0},"end":{"line":1008,"column":2}},"242":{"start":{"line":1001,"column":2},"end":{"line":1007,"column":4}},"243":{"start":{"line":1010,"column":0},"end":{"line":1012,"column":2}},"244":{"start":{"line":1011,"column":2},"end":{"line":1011,"column":42}},"245":{"start":{"line":1014,"column":0},"end":{"line":1021,"column":2}},"246":{"start":{"line":1020,"column":2},"end":{"line":1020,"column":78}},"247":{"start":{"line":1023,"column":0},"end":{"line":1025,"column":2}},"248":{"start":{"line":1024,"column":2},"end":{"line":1024,"column":60}},"249":{"start":{"line":1028,"column":0},"end":{"line":1030,"column":2}},"250":{"start":{"line":1029,"column":2},"end":{"line":1029,"column":52}},"251":{"start":{"line":1032,"column":0},"end":{"line":1034,"column":2}},"252":{"start":{"line":1033,"column":2},"end":{"line":1033,"column":60}},"253":{"start":{"line":1036,"column":0},"end":{"line":1038,"column":2}},"254":{"start":{"line":1037,"column":2},"end":{"line":1037,"column":46}},"255":{"start":{"line":1040,"column":0},"end":{"line":1042,"column":2}},"256":{"start":{"line":1041,"column":2},"end":{"line":1041,"column":45}},"257":{"start":{"line":1044,"column":0},"end":{"line":1046,"column":2}},"258":{"start":{"line":1045,"column":2},"end":{"line":1045,"column":45}},"259":{"start":{"line":1048,"column":0},"end":{"line":1050,"column":2}},"260":{"start":{"line":1049,"column":2},"end":{"line":1049,"column":35}},"261":{"start":{"line":1052,"column":0},"end":{"line":1054,"column":2}},"262":{"start":{"line":1053,"column":2},"end":{"line":1053,"column":34}},"263":{"start":{"line":1056,"column":0},"end":{"line":1058,"column":2}},"264":{"start":{"line":1057,"column":2},"end":{"line":1057,"column":35}},"265":{"start":{"line":1060,"column":0},"end":{"line":1062,"column":2}},"266":{"start":{"line":1061,"column":2},"end":{"line":1061,"column":34}},"267":{"start":{"line":1064,"column":0},"end":{"line":1066,"column":2}},"268":{"start":{"line":1065,"column":2},"end":{"line":1065,"column":36}},"269":{"start":{"line":1068,"column":0},"end":{"line":1070,"column":2}},"270":{"start":{"line":1069,"column":2},"end":{"line":1069,"column":39}},"271":{"start":{"line":1072,"column":0},"end":{"line":1074,"column":2}},"272":{"start":{"line":1073,"column":2},"end":{"line":1073,"column":55}},"273":{"start":{"line":1076,"column":0},"end":{"line":1081,"column":2}},"274":{"start":{"line":1077,"column":13},"end":{"line":1077,"column":40}},"275":{"start":{"line":1078,"column":2},"end":{"line":1078,"column":55}},"276":{"start":{"line":1080,"column":2},"end":{"line":1080,"column":14}},"277":{"start":{"line":1083,"column":0},"end":{"line":1094,"column":2}},"278":{"start":{"line":1084,"column":10},"end":{"line":1084,"column":56}},"279":{"start":{"line":1085,"column":2},"end":{"line":1092,"column":3}},"280":{"start":{"line":1089,"column":4},"end":{"line":1089,"column":19}},"281":{"start":{"line":1091,"column":4},"end":{"line":1091,"column":30}},"282":{"start":{"line":1093,"column":2},"end":{"line":1093,"column":11}},"283":{"start":{"line":1097,"column":0},"end":{"line":1106,"column":2}},"284":{"start":{"line":1098,"column":14},"end":{"line":1098,"column":43}},"285":{"start":{"line":1099,"column":12},"end":{"line":1099,"column":24}},"286":{"start":{"line":1100,"column":2},"end":{"line":1100,"column":13}},"287":{"start":{"line":1101,"column":2},"end":{"line":1101,"column":13}},"288":{"start":{"line":1102,"column":2},"end":{"line":1102,"column":14}},"289":{"start":{"line":1103,"column":13},"end":{"line":1103,"column":28}},"290":{"start":{"line":1104,"column":10},"end":{"line":1104,"column":72}},"291":{"start":{"line":1105,"column":2},"end":{"line":1105,"column":11}},"292":{"start":{"line":1107,"column":0},"end":{"line":1109,"column":2}},"293":{"start":{"line":1108,"column":2},"end":{"line":1108,"column":65}},"294":{"start":{"line":1110,"column":0},"end":{"line":1112,"column":2}},"295":{"start":{"line":1111,"column":2},"end":{"line":1111,"column":62}},"296":{"start":{"line":1113,"column":0},"end":{"line":1119,"column":2}},"297":{"start":{"line":1114,"column":14},"end":{"line":1114,"column":43}},"298":{"start":{"line":1115,"column":13},"end":{"line":1115,"column":30}},"299":{"start":{"line":1116,"column":10},"end":{"line":1116,"column":75}},"300":{"start":{"line":1117,"column":12},"end":{"line":1117,"column":47}},"301":{"start":{"line":1118,"column":2},"end":{"line":1118,"column":13}},"302":{"start":{"line":1120,"column":0},"end":{"line":1122,"column":2}},"303":{"start":{"line":1121,"column":2},"end":{"line":1121,"column":58}},"304":{"start":{"line":1123,"column":0},"end":{"line":1125,"column":2}},"305":{"start":{"line":1124,"column":2},"end":{"line":1124,"column":68}},"306":{"start":{"line":1129,"column":0},"end":{"line":1131,"column":2}},"307":{"start":{"line":1130,"column":2},"end":{"line":1130,"column":71}},"308":{"start":{"line":1133,"column":0},"end":{"line":1135,"column":2}},"309":{"start":{"line":1134,"column":2},"end":{"line":1134,"column":62}},"310":{"start":{"line":1137,"column":0},"end":{"line":1139,"column":2}},"311":{"start":{"line":1138,"column":2},"end":{"line":1138,"column":77}},"312":{"start":{"line":1141,"column":0},"end":{"line":1143,"column":2}},"313":{"start":{"line":1142,"column":2},"end":{"line":1142,"column":62}},"314":{"start":{"line":1145,"column":0},"end":{"line":1147,"column":2}},"315":{"start":{"line":1146,"column":2},"end":{"line":1146,"column":71}},"316":{"start":{"line":1149,"column":0},"end":{"line":1151,"column":2}},"317":{"start":{"line":1150,"column":2},"end":{"line":1150,"column":60}},"318":{"start":{"line":1153,"column":0},"end":{"line":1155,"column":2}},"319":{"start":{"line":1154,"column":2},"end":{"line":1154,"column":76}},"320":{"start":{"line":1157,"column":0},"end":{"line":1159,"column":2}},"321":{"start":{"line":1158,"column":2},"end":{"line":1158,"column":76}},"322":{"start":{"line":1161,"column":0},"end":{"line":1174,"column":2}},"323":{"start":{"line":1167,"column":2},"end":{"line":1173,"column":4}},"324":{"start":{"line":1176,"column":0},"end":{"line":1178,"column":2}},"325":{"start":{"line":1177,"column":2},"end":{"line":1177,"column":50}},"326":{"start":{"line":1180,"column":0},"end":{"line":1205,"column":2}},"327":{"start":{"line":1181,"column":2},"end":{"line":1204,"column":3}},"328":{"start":{"line":1182,"column":4},"end":{"line":1201,"column":7}},"329":{"start":{"line":1203,"column":4},"end":{"line":1203,"column":29}},"330":{"start":{"line":1210,"column":0},"end":{"line":1212,"column":2}},"331":{"start":{"line":1211,"column":2},"end":{"line":1211,"column":52}},"332":{"start":{"line":1213,"column":0},"end":{"line":1246,"column":2}},"333":{"start":{"line":1214,"column":2},"end":{"line":1245,"column":3}},"334":{"start":{"line":1215,"column":4},"end":{"line":1242,"column":7}},"335":{"start":{"line":1244,"column":4},"end":{"line":1244,"column":31}},"336":{"start":{"line":1248,"column":0},"end":{"line":1254,"column":2}},"337":{"start":{"line":1249,"column":2},"end":{"line":1253,"column":4}},"338":{"start":{"line":1256,"column":0},"end":{"line":1264,"column":2}},"339":{"start":{"line":1257,"column":2},"end":{"line":1263,"column":4}},"340":{"start":{"line":1266,"column":0},"end":{"line":1268,"column":2}},"341":{"start":{"line":1267,"column":2},"end":{"line":1267,"column":58}},"342":{"start":{"line":1270,"column":0},"end":{"line":1272,"column":2}},"343":{"start":{"line":1271,"column":2},"end":{"line":1271,"column":67}},"344":{"start":{"line":1274,"column":0},"end":{"line":1276,"column":2}},"345":{"start":{"line":1275,"column":2},"end":{"line":1275,"column":54}},"346":{"start":{"line":1278,"column":0},"end":{"line":1304,"column":2}},"347":{"start":{"line":1291,"column":2},"end":{"line":1303,"column":4}},"348":{"start":{"line":1306,"column":0},"end":{"line":1308,"column":2}},"349":{"start":{"line":1307,"column":2},"end":{"line":1307,"column":74}},"350":{"start":{"line":1310,"column":0},"end":{"line":1320,"column":2}},"351":{"start":{"line":1311,"column":2},"end":{"line":1314,"column":3}},"352":{"start":{"line":1312,"column":4},"end":{"line":1312,"column":29}},"353":{"start":{"line":1315,"column":2},"end":{"line":1319,"column":3}},"354":{"start":{"line":1316,"column":4},"end":{"line":1316,"column":76}},"355":{"start":{"line":1318,"column":4},"end":{"line":1318,"column":17}},"356":{"start":{"line":1324,"column":0},"end":{"line":1341,"column":2}},"357":{"start":{"line":1325,"column":2},"end":{"line":1327,"column":3}},"358":{"start":{"line":1326,"column":4},"end":{"line":1326,"column":13}},"359":{"start":{"line":1328,"column":2},"end":{"line":1340,"column":3}},"360":{"start":{"line":1329,"column":17},"end":{"line":1329,"column":35}},"361":{"start":{"line":1330,"column":4},"end":{"line":1334,"column":6}},"362":{"start":{"line":1336,"column":4},"end":{"line":1336,"column":46}},"363":{"start":{"line":1338,"column":4},"end":{"line":1338,"column":42}},"364":{"start":{"line":1339,"column":4},"end":{"line":1339,"column":13}},"365":{"start":{"line":1343,"column":0},"end":{"line":1349,"column":2}},"366":{"start":{"line":1344,"column":2},"end":{"line":1348,"column":4}},"367":{"start":{"line":1351,"column":0},"end":{"line":1356,"column":2}},"368":{"start":{"line":1352,"column":2},"end":{"line":1355,"column":4}},"369":{"start":{"line":1358,"column":0},"end":{"line":1363,"column":2}},"370":{"start":{"line":1359,"column":2},"end":{"line":1362,"column":4}},"371":{"start":{"line":1365,"column":0},"end":{"line":1367,"column":2}},"372":{"start":{"line":1366,"column":2},"end":{"line":1366,"column":44}},"373":{"start":{"line":1369,"column":0},"end":{"line":1391,"column":2}},"374":{"start":{"line":1370,"column":16},"end":{"line":1370,"column":41}},"375":{"start":{"line":1371,"column":2},"end":{"line":1371,"column":37}},"376":{"start":{"line":1372,"column":10},"end":{"line":1372,"column":28}},"377":{"start":{"line":1373,"column":10},"end":{"line":1373,"column":22}},"378":{"start":{"line":1375,"column":2},"end":{"line":1375,"column":20}},"379":{"start":{"line":1376,"column":2},"end":{"line":1376,"column":22}},"380":{"start":{"line":1377,"column":2},"end":{"line":1377,"column":22}},"381":{"start":{"line":1378,"column":2},"end":{"line":1378,"column":24}},"382":{"start":{"line":1379,"column":2},"end":{"line":1379,"column":22}},"383":{"start":{"line":1380,"column":2},"end":{"line":1380,"column":24}},"384":{"start":{"line":1381,"column":2},"end":{"line":1381,"column":24}},"385":{"start":{"line":1382,"column":2},"end":{"line":1382,"column":16}},"386":{"start":{"line":1383,"column":2},"end":{"line":1383,"column":22}},"387":{"start":{"line":1384,"column":2},"end":{"line":1384,"column":20}},"388":{"start":{"line":1385,"column":2},"end":{"line":1385,"column":24}},"389":{"start":{"line":1386,"column":2},"end":{"line":1386,"column":28}},"390":{"start":{"line":1387,"column":2},"end":{"line":1387,"column":26}},"391":{"start":{"line":1388,"column":2},"end":{"line":1388,"column":18}},"392":{"start":{"line":1390,"column":2},"end":{"line":1390,"column":11}},"393":{"start":{"line":1393,"column":0},"end":{"line":1404,"column":2}},"394":{"start":{"line":1394,"column":15},"end":{"line":1394,"column":16}},"395":{"start":{"line":1395,"column":13},"end":{"line":1395,"column":14}},"396":{"start":{"line":1396,"column":2},"end":{"line":1400,"column":3}},"397":{"start":{"line":1397,"column":4},"end":{"line":1397,"column":44}},"398":{"start":{"line":1399,"column":4},"end":{"line":1399,"column":29}},"399":{"start":{"line":1401,"column":2},"end":{"line":1401,"column":26}},"400":{"start":{"line":1403,"column":2},"end":{"line":1403,"column":26}},"401":{"start":{"line":1408,"column":0},"end":{"line":1410,"column":2}},"402":{"start":{"line":1409,"column":2},"end":{"line":1409,"column":40}},"403":{"start":{"line":1412,"column":0},"end":{"line":1414,"column":2}},"404":{"start":{"line":1413,"column":2},"end":{"line":1413,"column":45}},"405":{"start":{"line":1416,"column":0},"end":{"line":1418,"column":2}},"406":{"start":{"line":1417,"column":2},"end":{"line":1417,"column":64}},"407":{"start":{"line":1420,"column":0},"end":{"line":1422,"column":2}},"408":{"start":{"line":1421,"column":2},"end":{"line":1421,"column":50}},"409":{"start":{"line":1424,"column":0},"end":{"line":1426,"column":2}},"410":{"start":{"line":1425,"column":2},"end":{"line":1425,"column":57}},"411":{"start":{"line":1428,"column":0},"end":{"line":1430,"column":2}},"412":{"start":{"line":1429,"column":2},"end":{"line":1429,"column":53}},"413":{"start":{"line":1432,"column":0},"end":{"line":1434,"column":2}},"414":{"start":{"line":1433,"column":2},"end":{"line":1433,"column":46}},"415":{"start":{"line":1436,"column":0},"end":{"line":1438,"column":2}},"416":{"start":{"line":1437,"column":2},"end":{"line":1437,"column":51}},"417":{"start":{"line":1440,"column":0},"end":{"line":1442,"column":2}},"418":{"start":{"line":1441,"column":2},"end":{"line":1441,"column":64}},"419":{"start":{"line":1444,"column":0},"end":{"line":1459,"column":2}},"420":{"start":{"line":1445,"column":2},"end":{"line":1457,"column":3}},"421":{"start":{"line":1446,"column":4},"end":{"line":1456,"column":6}},"422":{"start":{"line":1458,"column":2},"end":{"line":1458,"column":71}},"423":{"start":{"line":1475,"column":0},"end":{"line":1488,"column":2}},"424":{"start":{"line":1476,"column":16},"end":{"line":1476,"column":47}},"425":{"start":{"line":1477,"column":2},"end":{"line":1477,"column":43}},"426":{"start":{"line":1478,"column":10},"end":{"line":1478,"column":28}},"427":{"start":{"line":1479,"column":10},"end":{"line":1479,"column":22}},"428":{"start":{"line":1481,"column":2},"end":{"line":1481,"column":20}},"429":{"start":{"line":1482,"column":2},"end":{"line":1482,"column":24}},"430":{"start":{"line":1483,"column":2},"end":{"line":1483,"column":22}},"431":{"start":{"line":1484,"column":2},"end":{"line":1484,"column":26}},"432":{"start":{"line":1485,"column":2},"end":{"line":1485,"column":18}},"433":{"start":{"line":1487,"column":2},"end":{"line":1487,"column":11}},"434":{"start":{"line":1490,"column":0},"end":{"line":1562,"column":2}},"435":{"start":{"line":1491,"column":12},"end":{"line":1491,"column":14}},"436":{"start":{"line":1492,"column":13},"end":{"line":1492,"column":39}},"437":{"start":{"line":1495,"column":10},"end":{"line":1495,"column":11}},"438":{"start":{"line":1496,"column":2},"end":{"line":1560,"column":3}},"439":{"start":{"line":1497,"column":4},"end":{"line":1557,"column":5}},"440":{"start":{"line":1503,"column":14},"end":{"line":1503,"column":26}},"441":{"start":{"line":1505,"column":6},"end":{"line":1505,"column":25}},"442":{"start":{"line":1506,"column":6},"end":{"line":1506,"column":25}},"443":{"start":{"line":1507,"column":6},"end":{"line":1507,"column":29}},"444":{"start":{"line":1508,"column":6},"end":{"line":1508,"column":27}},"445":{"start":{"line":1509,"column":6},"end":{"line":1511,"column":54}},"446":{"start":{"line":1512,"column":6},"end":{"line":1514,"column":54}},"447":{"start":{"line":1515,"column":6},"end":{"line":1517,"column":51}},"448":{"start":{"line":1518,"column":6},"end":{"line":1520,"column":59}},"449":{"start":{"line":1521,"column":6},"end":{"line":1523,"column":63}},"450":{"start":{"line":1524,"column":6},"end":{"line":1526,"column":59}},"451":{"start":{"line":1527,"column":6},"end":{"line":1529,"column":56}},"452":{"start":{"line":1530,"column":6},"end":{"line":1532,"column":62}},"453":{"start":{"line":1533,"column":6},"end":{"line":1535,"column":59}},"454":{"start":{"line":1536,"column":6},"end":{"line":1538,"column":56}},"455":{"start":{"line":1539,"column":6},"end":{"line":1541,"column":56}},"456":{"start":{"line":1542,"column":6},"end":{"line":1544,"column":62}},"457":{"start":{"line":1545,"column":6},"end":{"line":1547,"column":59}},"458":{"start":{"line":1548,"column":6},"end":{"line":1550,"column":57}},"459":{"start":{"line":1551,"column":6},"end":{"line":1553,"column":60}},"460":{"start":{"line":1555,"column":6},"end":{"line":1555,"column":18}},"461":{"start":{"line":1559,"column":4},"end":{"line":1559,"column":8}},"462":{"start":{"line":1561,"column":2},"end":{"line":1561,"column":13}},"463":{"start":{"line":1564,"column":0},"end":{"line":1628,"column":2}},"464":{"start":{"line":1565,"column":2},"end":{"line":1572,"column":3}},"465":{"start":{"line":1566,"column":15},"end":{"line":1566,"column":38}},"466":{"start":{"line":1567,"column":4},"end":{"line":1571,"column":5}},"467":{"start":{"line":1568,"column":6},"end":{"line":1570,"column":7}},"468":{"start":{"line":1569,"column":8},"end":{"line":1569,"column":23}},"469":{"start":{"line":1573,"column":13},"end":{"line":1573,"column":39}},"470":{"start":{"line":1575,"column":2},"end":{"line":1575,"column":60}},"471":{"start":{"line":1576,"column":10},"end":{"line":1576,"column":22}},"472":{"start":{"line":1578,"column":2},"end":{"line":1578,"column":21}},"473":{"start":{"line":1579,"column":2},"end":{"line":1579,"column":25}},"474":{"start":{"line":1580,"column":2},"end":{"line":1580,"column":23}},"475":{"start":{"line":1581,"column":2},"end":{"line":1583,"column":50}},"476":{"start":{"line":1584,"column":2},"end":{"line":1586,"column":50}},"477":{"start":{"line":1587,"column":2},"end":{"line":1589,"column":47}},"478":{"start":{"line":1590,"column":2},"end":{"line":1592,"column":55}},"479":{"start":{"line":1593,"column":2},"end":{"line":1595,"column":59}},"480":{"start":{"line":1596,"column":2},"end":{"line":1598,"column":55}},"481":{"start":{"line":1599,"column":2},"end":{"line":1601,"column":52}},"482":{"start":{"line":1602,"column":2},"end":{"line":1604,"column":58}},"483":{"start":{"line":1605,"column":2},"end":{"line":1607,"column":55}},"484":{"start":{"line":1608,"column":2},"end":{"line":1610,"column":52}},"485":{"start":{"line":1611,"column":2},"end":{"line":1613,"column":52}},"486":{"start":{"line":1614,"column":2},"end":{"line":1616,"column":58}},"487":{"start":{"line":1617,"column":2},"end":{"line":1619,"column":55}},"488":{"start":{"line":1620,"column":2},"end":{"line":1622,"column":53}},"489":{"start":{"line":1623,"column":2},"end":{"line":1625,"column":56}},"490":{"start":{"line":1627,"column":2},"end":{"line":1627,"column":11}},"491":{"start":{"line":1631,"column":0},"end":{"line":1633,"column":2}},"492":{"start":{"line":1632,"column":2},"end":{"line":1632,"column":43}},"493":{"start":{"line":1635,"column":0},"end":{"line":1649,"column":2}},"494":{"start":{"line":1636,"column":2},"end":{"line":1648,"column":3}},"495":{"start":{"line":1637,"column":4},"end":{"line":1645,"column":6}},"496":{"start":{"line":1647,"column":4},"end":{"line":1647,"column":36}},"497":{"start":{"line":1651,"column":0},"end":{"line":1653,"column":2}},"498":{"start":{"line":1652,"column":2},"end":{"line":1652,"column":58}},"499":{"start":{"line":1654,"column":0},"end":{"line":1656,"column":2}},"500":{"start":{"line":1655,"column":2},"end":{"line":1655,"column":65}},"501":{"start":{"line":1657,"column":0},"end":{"line":1665,"column":2}},"502":{"start":{"line":1658,"column":2},"end":{"line":1664,"column":4}},"503":{"start":{"line":1666,"column":0},"end":{"line":1668,"column":2}},"504":{"start":{"line":1667,"column":2},"end":{"line":1667,"column":63}},"505":{"start":{"line":1669,"column":0},"end":{"line":1671,"column":2}},"506":{"start":{"line":1670,"column":2},"end":{"line":1670,"column":64}},"507":{"start":{"line":1673,"column":0},"end":{"line":1673,"column":32}}},"fnMap":{"0":{"name":"(anonymous_0)","decl":{"start":{"line":34,"column":17},"end":{"line":34,"column":18}},"loc":{"start":{"line":34,"column":26},"end":{"line":34,"column":77}},"line":34},"1":{"name":"(anonymous_1)","decl":{"start":{"line":38,"column":2},"end":{"line":38,"column":3}},"loc":{"start":{"line":38,"column":24},"end":{"line":43,"column":3}},"line":38},"2":{"name":"(anonymous_2)","decl":{"start":{"line":44,"column":2},"end":{"line":44,"column":3}},"loc":{"start":{"line":44,"column":20},"end":{"line":46,"column":3}},"line":44},"3":{"name":"(anonymous_3)","decl":{"start":{"line":47,"column":2},"end":{"line":47,"column":3}},"loc":{"start":{"line":47,"column":13},"end":{"line":51,"column":3}},"line":47},"4":{"name":"(anonymous_4)","decl":{"start":{"line":52,"column":2},"end":{"line":52,"column":3}},"loc":{"start":{"line":52,"column":14},"end":{"line":54,"column":3}},"line":52},"5":{"name":"(anonymous_5)","decl":{"start":{"line":55,"column":2},"end":{"line":55,"column":3}},"loc":{"start":{"line":55,"column":12},"end":{"line":57,"column":3}},"line":55},"6":{"name":"(anonymous_6)","decl":{"start":{"line":58,"column":2},"end":{"line":58,"column":3}},"loc":{"start":{"line":58,"column":24},"end":{"line":61,"column":3}},"line":58},"7":{"name":"getPlatformDependencies","decl":{"start":{"line":64,"column":9},"end":{"line":64,"column":32}},"loc":{"start":{"line":64,"column":35},"end":{"line":107,"column":1}},"line":64},"8":{"name":"Bass","decl":{"start":{"line":120,"column":9},"end":{"line":120,"column":13}},"loc":{"start":{"line":120,"column":16},"end":{"line":754,"column":1}},"line":120},"9":{"name":"(anonymous_9)","decl":{"start":{"line":594,"column":20},"end":{"line":594,"column":21}},"loc":{"start":{"line":594,"column":30},"end":{"line":594,"column":58}},"line":594},"10":{"name":"(anonymous_10)","decl":{"start":{"line":595,"column":31},"end":{"line":595,"column":32}},"loc":{"start":{"line":596,"column":6},"end":{"line":596,"column":44}},"line":596},"11":{"name":"(anonymous_11)","decl":{"start":{"line":597,"column":15},"end":{"line":597,"column":16}},"loc":{"start":{"line":597,"column":22},"end":{"line":597,"column":40}},"line":597},"12":{"name":"(anonymous_12)","decl":{"start":{"line":598,"column":15},"end":{"line":598,"column":16}},"loc":{"start":{"line":598,"column":22},"end":{"line":598,"column":40}},"line":598},"13":{"name":"(anonymous_13)","decl":{"start":{"line":599,"column":16},"end":{"line":599,"column":17}},"loc":{"start":{"line":599,"column":23},"end":{"line":599,"column":41}},"line":599},"14":{"name":"(anonymous_14)","decl":{"start":{"line":600,"column":19},"end":{"line":600,"column":20}},"loc":{"start":{"line":600,"column":26},"end":{"line":600,"column":44}},"line":600},"15":{"name":"(anonymous_15)","decl":{"start":{"line":606,"column":4},"end":{"line":606,"column":5}},"loc":{"start":{"line":606,"column":43},"end":{"line":614,"column":5}},"line":606},"16":{"name":"(anonymous_16)","decl":{"start":{"line":620,"column":4},"end":{"line":620,"column":5}},"loc":{"start":{"line":620,"column":36},"end":{"line":622,"column":5}},"line":620},"17":{"name":"(anonymous_17)","decl":{"start":{"line":627,"column":4},"end":{"line":627,"column":5}},"loc":{"start":{"line":627,"column":44},"end":{"line":630,"column":5}},"line":627},"18":{"name":"(anonymous_18)","decl":{"start":{"line":759,"column":32},"end":{"line":759,"column":33}},"loc":{"start":{"line":759,"column":44},"end":{"line":767,"column":1}},"line":759},"19":{"name":"(anonymous_19)","decl":{"start":{"line":769,"column":28},"end":{"line":769,"column":29}},"loc":{"start":{"line":769,"column":40},"end":{"line":829,"column":1}},"line":769},"20":{"name":"(anonymous_20)","decl":{"start":{"line":831,"column":27},"end":{"line":831,"column":28}},"loc":{"start":{"line":831,"column":45},"end":{"line":895,"column":1}},"line":831},"21":{"name":"(anonymous_21)","decl":{"start":{"line":897,"column":32},"end":{"line":897,"column":33}},"loc":{"start":{"line":897,"column":57},"end":{"line":899,"column":1}},"line":897},"22":{"name":"(anonymous_22)","decl":{"start":{"line":900,"column":32},"end":{"line":900,"column":33}},"loc":{"start":{"line":900,"column":50},"end":{"line":902,"column":1}},"line":900},"23":{"name":"(anonymous_23)","decl":{"start":{"line":903,"column":36},"end":{"line":903,"column":37}},"loc":{"start":{"line":903,"column":62},"end":{"line":905,"column":1}},"line":903},"24":{"name":"(anonymous_24)","decl":{"start":{"line":906,"column":29},"end":{"line":906,"column":30}},"loc":{"start":{"line":906,"column":47},"end":{"line":908,"column":1}},"line":906},"25":{"name":"(anonymous_25)","decl":{"start":{"line":910,"column":27},"end":{"line":910,"column":28}},"loc":{"start":{"line":910,"column":58},"end":{"line":912,"column":1}},"line":910},"26":{"name":"(anonymous_26)","decl":{"start":{"line":914,"column":33},"end":{"line":914,"column":34}},"loc":{"start":{"line":914,"column":45},"end":{"line":916,"column":1}},"line":914},"27":{"name":"(anonymous_27)","decl":{"start":{"line":918,"column":35},"end":{"line":918,"column":36}},"loc":{"start":{"line":924,"column":2},"end":{"line":926,"column":1}},"line":924},"28":{"name":"(anonymous_28)","decl":{"start":{"line":928,"column":39},"end":{"line":928,"column":40}},"loc":{"start":{"line":934,"column":2},"end":{"line":942,"column":1}},"line":934},"29":{"name":"(anonymous_29)","decl":{"start":{"line":944,"column":38},"end":{"line":944,"column":39}},"loc":{"start":{"line":944,"column":78},"end":{"line":946,"column":1}},"line":944},"30":{"name":"(anonymous_30)","decl":{"start":{"line":948,"column":34},"end":{"line":948,"column":35}},"loc":{"start":{"line":948,"column":61},"end":{"line":950,"column":1}},"line":948},"31":{"name":"(anonymous_31)","decl":{"start":{"line":952,"column":35},"end":{"line":952,"column":36}},"loc":{"start":{"line":952,"column":53},"end":{"line":954,"column":1}},"line":952},"32":{"name":"(anonymous_32)","decl":{"start":{"line":956,"column":34},"end":{"line":956,"column":35}},"loc":{"start":{"line":956,"column":52},"end":{"line":958,"column":1}},"line":956},"33":{"name":"(anonymous_33)","decl":{"start":{"line":960,"column":41},"end":{"line":960,"column":42}},"loc":{"start":{"line":960,"column":65},"end":{"line":962,"column":1}},"line":960},"34":{"name":"(anonymous_34)","decl":{"start":{"line":964,"column":41},"end":{"line":964,"column":42}},"loc":{"start":{"line":964,"column":70},"end":{"line":966,"column":1}},"line":964},"35":{"name":"(anonymous_35)","decl":{"start":{"line":968,"column":39},"end":{"line":968,"column":40}},"loc":{"start":{"line":968,"column":63},"end":{"line":970,"column":1}},"line":968},"36":{"name":"(anonymous_36)","decl":{"start":{"line":972,"column":43},"end":{"line":972,"column":44}},"loc":{"start":{"line":972,"column":66},"end":{"line":974,"column":1}},"line":972},"37":{"name":"(anonymous_37)","decl":{"start":{"line":976,"column":43},"end":{"line":976,"column":44}},"loc":{"start":{"line":976,"column":66},"end":{"line":978,"column":1}},"line":976},"38":{"name":"(anonymous_38)","decl":{"start":{"line":980,"column":38},"end":{"line":980,"column":39}},"loc":{"start":{"line":980,"column":56},"end":{"line":982,"column":1}},"line":980},"39":{"name":"(anonymous_39)","decl":{"start":{"line":984,"column":40},"end":{"line":984,"column":41}},"loc":{"start":{"line":984,"column":70},"end":{"line":986,"column":1}},"line":984},"40":{"name":"(anonymous_40)","decl":{"start":{"line":988,"column":38},"end":{"line":988,"column":39}},"loc":{"start":{"line":988,"column":56},"end":{"line":990,"column":1}},"line":988},"41":{"name":"(anonymous_41)","decl":{"start":{"line":992,"column":42},"end":{"line":992,"column":43}},"loc":{"start":{"line":992,"column":75},"end":{"line":994,"column":1}},"line":992},"42":{"name":"(anonymous_42)","decl":{"start":{"line":996,"column":42},"end":{"line":996,"column":43}},"loc":{"start":{"line":996,"column":75},"end":{"line":998,"column":1}},"line":996},"43":{"name":"(anonymous_43)","decl":{"start":{"line":1000,"column":37},"end":{"line":1000,"column":38}},"loc":{"start":{"line":1000,"column":78},"end":{"line":1008,"column":1}},"line":1000},"44":{"name":"(anonymous_44)","decl":{"start":{"line":1010,"column":35},"end":{"line":1010,"column":36}},"loc":{"start":{"line":1010,"column":47},"end":{"line":1012,"column":1}},"line":1010},"45":{"name":"(anonymous_45)","decl":{"start":{"line":1014,"column":44},"end":{"line":1014,"column":45}},"loc":{"start":{"line":1019,"column":2},"end":{"line":1021,"column":1}},"line":1019},"46":{"name":"(anonymous_46)","decl":{"start":{"line":1023,"column":39},"end":{"line":1023,"column":40}},"loc":{"start":{"line":1023,"column":65},"end":{"line":1025,"column":1}},"line":1023},"47":{"name":"(anonymous_47)","decl":{"start":{"line":1028,"column":39},"end":{"line":1028,"column":40}},"loc":{"start":{"line":1028,"column":57},"end":{"line":1030,"column":1}},"line":1028},"48":{"name":"(anonymous_48)","decl":{"start":{"line":1032,"column":39},"end":{"line":1032,"column":40}},"loc":{"start":{"line":1032,"column":65},"end":{"line":1034,"column":1}},"line":1032},"49":{"name":"(anonymous_49)","decl":{"start":{"line":1036,"column":33},"end":{"line":1036,"column":34}},"loc":{"start":{"line":1036,"column":51},"end":{"line":1038,"column":1}},"line":1036},"50":{"name":"(anonymous_50)","decl":{"start":{"line":1040,"column":32},"end":{"line":1040,"column":33}},"loc":{"start":{"line":1040,"column":50},"end":{"line":1042,"column":1}},"line":1040},"51":{"name":"(anonymous_51)","decl":{"start":{"line":1044,"column":32},"end":{"line":1044,"column":33}},"loc":{"start":{"line":1044,"column":50},"end":{"line":1046,"column":1}},"line":1044},"52":{"name":"(anonymous_52)","decl":{"start":{"line":1048,"column":28},"end":{"line":1048,"column":29}},"loc":{"start":{"line":1048,"column":40},"end":{"line":1050,"column":1}},"line":1048},"53":{"name":"(anonymous_53)","decl":{"start":{"line":1052,"column":27},"end":{"line":1052,"column":28}},"loc":{"start":{"line":1052,"column":39},"end":{"line":1054,"column":1}},"line":1052},"54":{"name":"(anonymous_54)","decl":{"start":{"line":1056,"column":28},"end":{"line":1056,"column":29}},"loc":{"start":{"line":1056,"column":40},"end":{"line":1058,"column":1}},"line":1056},"55":{"name":"(anonymous_55)","decl":{"start":{"line":1060,"column":27},"end":{"line":1060,"column":28}},"loc":{"start":{"line":1060,"column":39},"end":{"line":1062,"column":1}},"line":1060},"56":{"name":"(anonymous_56)","decl":{"start":{"line":1064,"column":29},"end":{"line":1064,"column":30}},"loc":{"start":{"line":1064,"column":41},"end":{"line":1066,"column":1}},"line":1064},"57":{"name":"(anonymous_57)","decl":{"start":{"line":1068,"column":32},"end":{"line":1068,"column":33}},"loc":{"start":{"line":1068,"column":44},"end":{"line":1070,"column":1}},"line":1068},"58":{"name":"(anonymous_58)","decl":{"start":{"line":1072,"column":36},"end":{"line":1072,"column":37}},"loc":{"start":{"line":1072,"column":60},"end":{"line":1074,"column":1}},"line":1072},"59":{"name":"(anonymous_59)","decl":{"start":{"line":1076,"column":37},"end":{"line":1076,"column":38}},"loc":{"start":{"line":1076,"column":55},"end":{"line":1081,"column":1}},"line":1076},"60":{"name":"(anonymous_60)","decl":{"start":{"line":1083,"column":37},"end":{"line":1083,"column":38}},"loc":{"start":{"line":1083,"column":61},"end":{"line":1094,"column":1}},"line":1083},"61":{"name":"(anonymous_61)","decl":{"start":{"line":1097,"column":41},"end":{"line":1097,"column":42}},"loc":{"start":{"line":1097,"column":66},"end":{"line":1106,"column":1}},"line":1097},"62":{"name":"(anonymous_62)","decl":{"start":{"line":1107,"column":47},"end":{"line":1107,"column":48}},"loc":{"start":{"line":1107,"column":65},"end":{"line":1109,"column":1}},"line":1107},"63":{"name":"(anonymous_63)","decl":{"start":{"line":1110,"column":44},"end":{"line":1110,"column":45}},"loc":{"start":{"line":1110,"column":62},"end":{"line":1112,"column":1}},"line":1110},"64":{"name":"(anonymous_64)","decl":{"start":{"line":1113,"column":44},"end":{"line":1113,"column":45}},"loc":{"start":{"line":1113,"column":69},"end":{"line":1119,"column":1}},"line":1113},"65":{"name":"(anonymous_65)","decl":{"start":{"line":1120,"column":40},"end":{"line":1120,"column":41}},"loc":{"start":{"line":1120,"column":58},"end":{"line":1122,"column":1}},"line":1120},"66":{"name":"(anonymous_66)","decl":{"start":{"line":1123,"column":42},"end":{"line":1123,"column":43}},"loc":{"start":{"line":1123,"column":68},"end":{"line":1125,"column":1}},"line":1123},"67":{"name":"(anonymous_67)","decl":{"start":{"line":1129,"column":41},"end":{"line":1129,"column":42}},"loc":{"start":{"line":1129,"column":71},"end":{"line":1131,"column":1}},"line":1129},"68":{"name":"(anonymous_68)","decl":{"start":{"line":1133,"column":44},"end":{"line":1133,"column":45}},"loc":{"start":{"line":1133,"column":62},"end":{"line":1135,"column":1}},"line":1133},"69":{"name":"(anonymous_69)","decl":{"start":{"line":1137,"column":45},"end":{"line":1137,"column":46}},"loc":{"start":{"line":1137,"column":77},"end":{"line":1139,"column":1}},"line":1137},"70":{"name":"(anonymous_70)","decl":{"start":{"line":1141,"column":44},"end":{"line":1141,"column":45}},"loc":{"start":{"line":1141,"column":62},"end":{"line":1143,"column":1}},"line":1141},"71":{"name":"(anonymous_71)","decl":{"start":{"line":1145,"column":47},"end":{"line":1145,"column":48}},"loc":{"start":{"line":1145,"column":71},"end":{"line":1147,"column":1}},"line":1145},"72":{"name":"(anonymous_72)","decl":{"start":{"line":1149,"column":42},"end":{"line":1149,"column":43}},"loc":{"start":{"line":1149,"column":60},"end":{"line":1151,"column":1}},"line":1149},"73":{"name":"(anonymous_73)","decl":{"start":{"line":1153,"column":46},"end":{"line":1153,"column":47}},"loc":{"start":{"line":1153,"column":76},"end":{"line":1155,"column":1}},"line":1153},"74":{"name":"(anonymous_74)","decl":{"start":{"line":1157,"column":47},"end":{"line":1157,"column":48}},"loc":{"start":{"line":1157,"column":76},"end":{"line":1159,"column":1}},"line":1157},"75":{"name":"(anonymous_75)","decl":{"start":{"line":1161,"column":43},"end":{"line":1161,"column":44}},"loc":{"start":{"line":1166,"column":2},"end":{"line":1174,"column":1}},"line":1166},"76":{"name":"(anonymous_76)","decl":{"start":{"line":1176,"column":30},"end":{"line":1176,"column":31}},"loc":{"start":{"line":1176,"column":42},"end":{"line":1178,"column":1}},"line":1176},"77":{"name":"(anonymous_77)","decl":{"start":{"line":1180,"column":29},"end":{"line":1180,"column":30}},"loc":{"start":{"line":1180,"column":46},"end":{"line":1205,"column":1}},"line":1180},"78":{"name":"(anonymous_78)","decl":{"start":{"line":1210,"column":32},"end":{"line":1210,"column":33}},"loc":{"start":{"line":1210,"column":44},"end":{"line":1212,"column":1}},"line":1210},"79":{"name":"(anonymous_79)","decl":{"start":{"line":1213,"column":31},"end":{"line":1213,"column":32}},"loc":{"start":{"line":1213,"column":48},"end":{"line":1246,"column":1}},"line":1213},"80":{"name":"(anonymous_80)","decl":{"start":{"line":1248,"column":39},"end":{"line":1248,"column":40}},"loc":{"start":{"line":1248,"column":67},"end":{"line":1254,"column":1}},"line":1248},"81":{"name":"(anonymous_81)","decl":{"start":{"line":1256,"column":35},"end":{"line":1256,"column":36}},"loc":{"start":{"line":1256,"column":69},"end":{"line":1264,"column":1}},"line":1256},"82":{"name":"(anonymous_82)","decl":{"start":{"line":1266,"column":38},"end":{"line":1266,"column":39}},"loc":{"start":{"line":1266,"column":56},"end":{"line":1268,"column":1}},"line":1266},"83":{"name":"(anonymous_83)","decl":{"start":{"line":1270,"column":39},"end":{"line":1270,"column":40}},"loc":{"start":{"line":1270,"column":65},"end":{"line":1272,"column":1}},"line":1270},"84":{"name":"(anonymous_84)","decl":{"start":{"line":1274,"column":34},"end":{"line":1274,"column":35}},"loc":{"start":{"line":1274,"column":52},"end":{"line":1276,"column":1}},"line":1274},"85":{"name":"(anonymous_85)","decl":{"start":{"line":1278,"column":38},"end":{"line":1278,"column":39}},"loc":{"start":{"line":1290,"column":2},"end":{"line":1304,"column":1}},"line":1290},"86":{"name":"(anonymous_86)","decl":{"start":{"line":1306,"column":42},"end":{"line":1306,"column":43}},"loc":{"start":{"line":1306,"column":72},"end":{"line":1308,"column":1}},"line":1306},"87":{"name":"(anonymous_87)","decl":{"start":{"line":1310,"column":42},"end":{"line":1310,"column":43}},"loc":{"start":{"line":1310,"column":72},"end":{"line":1320,"column":1}},"line":1310},"88":{"name":"(anonymous_88)","decl":{"start":{"line":1324,"column":27},"end":{"line":1324,"column":28}},"loc":{"start":{"line":1324,"column":46},"end":{"line":1341,"column":1}},"line":1324},"89":{"name":"(anonymous_89)","decl":{"start":{"line":1343,"column":27},"end":{"line":1343,"column":28}},"loc":{"start":{"line":1343,"column":57},"end":{"line":1349,"column":1}},"line":1343},"90":{"name":"(anonymous_90)","decl":{"start":{"line":1351,"column":29},"end":{"line":1351,"column":30}},"loc":{"start":{"line":1351,"column":48},"end":{"line":1356,"column":1}},"line":1351},"91":{"name":"(anonymous_91)","decl":{"start":{"line":1358,"column":29},"end":{"line":1358,"column":30}},"loc":{"start":{"line":1358,"column":48},"end":{"line":1363,"column":1}},"line":1358},"92":{"name":"(anonymous_92)","decl":{"start":{"line":1365,"column":30},"end":{"line":1365,"column":31}},"loc":{"start":{"line":1365,"column":49},"end":{"line":1367,"column":1}},"line":1365},"93":{"name":"(anonymous_93)","decl":{"start":{"line":1369,"column":25},"end":{"line":1369,"column":26}},"loc":{"start":{"line":1369,"column":37},"end":{"line":1391,"column":1}},"line":1369},"94":{"name":"(anonymous_94)","decl":{"start":{"line":1393,"column":27},"end":{"line":1393,"column":28}},"loc":{"start":{"line":1393,"column":44},"end":{"line":1404,"column":1}},"line":1393},"95":{"name":"(anonymous_95)","decl":{"start":{"line":1408,"column":33},"end":{"line":1408,"column":34}},"loc":{"start":{"line":1408,"column":45},"end":{"line":1410,"column":1}},"line":1408},"96":{"name":"(anonymous_96)","decl":{"start":{"line":1412,"column":38},"end":{"line":1412,"column":39}},"loc":{"start":{"line":1412,"column":50},"end":{"line":1414,"column":1}},"line":1412},"97":{"name":"(anonymous_97)","decl":{"start":{"line":1416,"column":42},"end":{"line":1416,"column":43}},"loc":{"start":{"line":1416,"column":69},"end":{"line":1418,"column":1}},"line":1416},"98":{"name":"(anonymous_98)","decl":{"start":{"line":1420,"column":36},"end":{"line":1420,"column":37}},"loc":{"start":{"line":1420,"column":55},"end":{"line":1422,"column":1}},"line":1420},"99":{"name":"(anonymous_99)","decl":{"start":{"line":1424,"column":37},"end":{"line":1424,"column":38}},"loc":{"start":{"line":1424,"column":62},"end":{"line":1426,"column":1}},"line":1424},"100":{"name":"(anonymous_100)","decl":{"start":{"line":1428,"column":41},"end":{"line":1428,"column":42}},"loc":{"start":{"line":1428,"column":58},"end":{"line":1430,"column":1}},"line":1428},"101":{"name":"(anonymous_101)","decl":{"start":{"line":1432,"column":33},"end":{"line":1432,"column":34}},"loc":{"start":{"line":1432,"column":51},"end":{"line":1434,"column":1}},"line":1432},"102":{"name":"(anonymous_102)","decl":{"start":{"line":1436,"column":38},"end":{"line":1436,"column":39}},"loc":{"start":{"line":1436,"column":56},"end":{"line":1438,"column":1}},"line":1436},"103":{"name":"(anonymous_103)","decl":{"start":{"line":1440,"column":37},"end":{"line":1440,"column":38}},"loc":{"start":{"line":1440,"column":69},"end":{"line":1442,"column":1}},"line":1440},"104":{"name":"(anonymous_104)","decl":{"start":{"line":1444,"column":34},"end":{"line":1444,"column":35}},"loc":{"start":{"line":1444,"column":74},"end":{"line":1459,"column":1}},"line":1444},"105":{"name":"(anonymous_105)","decl":{"start":{"line":1475,"column":31},"end":{"line":1475,"column":32}},"loc":{"start":{"line":1475,"column":43},"end":{"line":1488,"column":1}},"line":1475},"106":{"name":"(anonymous_106)","decl":{"start":{"line":1490,"column":34},"end":{"line":1490,"column":35}},"loc":{"start":{"line":1490,"column":46},"end":{"line":1562,"column":1}},"line":1490},"107":{"name":"(anonymous_107)","decl":{"start":{"line":1564,"column":33},"end":{"line":1564,"column":34}},"loc":{"start":{"line":1564,"column":51},"end":{"line":1628,"column":1}},"line":1564},"108":{"name":"(anonymous_108)","decl":{"start":{"line":1631,"column":29},"end":{"line":1631,"column":30}},"loc":{"start":{"line":1631,"column":41},"end":{"line":1633,"column":1}},"line":1631},"109":{"name":"(anonymous_109)","decl":{"start":{"line":1635,"column":28},"end":{"line":1635,"column":29}},"loc":{"start":{"line":1635,"column":45},"end":{"line":1649,"column":1}},"line":1635},"110":{"name":"(anonymous_110)","decl":{"start":{"line":1651,"column":33},"end":{"line":1651,"column":34}},"loc":{"start":{"line":1651,"column":45},"end":{"line":1653,"column":1}},"line":1651},"111":{"name":"(anonymous_111)","decl":{"start":{"line":1654,"column":27},"end":{"line":1654,"column":28}},"loc":{"start":{"line":1654,"column":50},"end":{"line":1656,"column":1}},"line":1654},"112":{"name":"(anonymous_112)","decl":{"start":{"line":1657,"column":29},"end":{"line":1657,"column":30}},"loc":{"start":{"line":1657,"column":71},"end":{"line":1665,"column":1}},"line":1657},"113":{"name":"(anonymous_113)","decl":{"start":{"line":1666,"column":30},"end":{"line":1666,"column":31}},"loc":{"start":{"line":1666,"column":48},"end":{"line":1668,"column":1}},"line":1666},"114":{"name":"(anonymous_114)","decl":{"start":{"line":1669,"column":39},"end":{"line":1669,"column":40}},"loc":{"start":{"line":1669,"column":51},"end":{"line":1671,"column":1}},"line":1669}},"branchMap":{"0":{"loc":{"start":{"line":48,"column":4},"end":{"line":48,"column":26}},"type":"if","locations":[{"start":{"line":48,"column":4},"end":{"line":48,"column":26}},{"start":{"line":48,"column":4},"end":{"line":48,"column":26}}],"line":48},"1":{"loc":{"start":{"line":53,"column":11},"end":{"line":53,"column":41}},"type":"cond-expr","locations":[{"start":{"line":53,"column":29},"end":{"line":53,"column":34}},{"start":{"line":53,"column":37},"end":{"line":53,"column":41}}],"line":53},"2":{"loc":{"start":{"line":59,"column":4},"end":{"line":59,"column":55}},"type":"if","locations":[{"start":{"line":59,"column":4},"end":{"line":59,"column":55}},{"start":{"line":59,"column":4},"end":{"line":59,"column":55}}],"line":59},"3":{"loc":{"start":{"line":68,"column":2},"end":{"line":105,"column":3}},"type":"switch","locations":[{"start":{"line":69,"column":4},"end":{"line":82,"column":7}},{"start":{"line":83,"column":4},"end":{"line":90,"column":56}},{"start":{"line":91,"column":4},"end":{"line":104,"column":7}}],"line":68},"4":{"loc":{"start":{"line":76,"column":6},"end":{"line":82,"column":7}},"type":"if","locations":[{"start":{"line":76,"column":6},"end":{"line":82,"column":7}},{"start":{"line":76,"column":6},"end":{"line":82,"column":7}}],"line":76},"5":{"loc":{"start":{"line":78,"column":13},"end":{"line":82,"column":7}},"type":"if","locations":[{"start":{"line":78,"column":13},"end":{"line":82,"column":7}},{"start":{"line":78,"column":13},"end":{"line":82,"column":7}}],"line":78},"6":{"loc":{"start":{"line":98,"column":6},"end":{"line":104,"column":7}},"type":"if","locations":[{"start":{"line":98,"column":6},"end":{"line":104,"column":7}},{"start":{"line":98,"column":6},"end":{"line":104,"column":7}}],"line":98},"7":{"loc":{"start":{"line":100,"column":13},"end":{"line":104,"column":7}},"type":"if","locations":[{"start":{"line":100,"column":13},"end":{"line":104,"column":7}},{"start":{"line":100,"column":13},"end":{"line":104,"column":7}}],"line":100},"8":{"loc":{"start":{"line":644,"column":2},"end":{"line":659,"column":3}},"type":"if","locations":[{"start":{"line":644,"column":2},"end":{"line":659,"column":3}},{"start":{"line":644,"column":2},"end":{"line":659,"column":3}}],"line":644},"9":{"loc":{"start":{"line":649,"column":9},"end":{"line":659,"column":3}},"type":"if","locations":[{"start":{"line":649,"column":9},"end":{"line":659,"column":3}},{"start":{"line":649,"column":9},"end":{"line":659,"column":3}}],"line":649},"10":{"loc":{"start":{"line":654,"column":9},"end":{"line":659,"column":3}},"type":"if","locations":[{"start":{"line":654,"column":9},"end":{"line":659,"column":3}},{"start":{"line":654,"column":9},"end":{"line":659,"column":3}}],"line":654},"11":{"loc":{"start":{"line":832,"column":2},"end":{"line":839,"column":3}},"type":"if","locations":[{"start":{"line":832,"column":2},"end":{"line":839,"column":3}},{"start":{"line":832,"column":2},"end":{"line":839,"column":3}}],"line":832},"12":{"loc":{"start":{"line":835,"column":6},"end":{"line":837,"column":7}},"type":"if","locations":[{"start":{"line":835,"column":6},"end":{"line":837,"column":7}},{"start":{"line":835,"column":6},"end":{"line":837,"column":7}}],"line":835},"13":{"loc":{"start":{"line":1085,"column":2},"end":{"line":1092,"column":3}},"type":"if","locations":[{"start":{"line":1085,"column":2},"end":{"line":1092,"column":3}},{"start":{"line":1085,"column":2},"end":{"line":1092,"column":3}}],"line":1085},"14":{"loc":{"start":{"line":1086,"column":4},"end":{"line":1087,"column":55}},"type":"binary-expr","locations":[{"start":{"line":1086,"column":4},"end":{"line":1086,"column":53}},{"start":{"line":1087,"column":4},"end":{"line":1087,"column":55}}],"line":1086},"15":{"loc":{"start":{"line":1177,"column":9},"end":{"line":1177,"column":49}},"type":"cond-expr","locations":[{"start":{"line":1177,"column":37},"end":{"line":1177,"column":42}},{"start":{"line":1177,"column":45},"end":{"line":1177,"column":49}}],"line":1177},"16":{"loc":{"start":{"line":1181,"column":2},"end":{"line":1204,"column":3}},"type":"if","locations":[{"start":{"line":1181,"column":2},"end":{"line":1204,"column":3}},{"start":{"line":1181,"column":2},"end":{"line":1204,"column":3}}],"line":1181},"17":{"loc":{"start":{"line":1211,"column":9},"end":{"line":1211,"column":51}},"type":"cond-expr","locations":[{"start":{"line":1211,"column":39},"end":{"line":1211,"column":44}},{"start":{"line":1211,"column":47},"end":{"line":1211,"column":51}}],"line":1211},"18":{"loc":{"start":{"line":1214,"column":2},"end":{"line":1245,"column":3}},"type":"if","locations":[{"start":{"line":1214,"column":2},"end":{"line":1245,"column":3}},{"start":{"line":1214,"column":2},"end":{"line":1245,"column":3}}],"line":1214},"19":{"loc":{"start":{"line":1311,"column":2},"end":{"line":1314,"column":3}},"type":"if","locations":[{"start":{"line":1311,"column":2},"end":{"line":1314,"column":3}},{"start":{"line":1311,"column":2},"end":{"line":1314,"column":3}}],"line":1311},"20":{"loc":{"start":{"line":1315,"column":2},"end":{"line":1319,"column":3}},"type":"if","locations":[{"start":{"line":1315,"column":2},"end":{"line":1319,"column":3}},{"start":{"line":1315,"column":2},"end":{"line":1319,"column":3}}],"line":1315},"21":{"loc":{"start":{"line":1325,"column":2},"end":{"line":1327,"column":3}},"type":"if","locations":[{"start":{"line":1325,"column":2},"end":{"line":1327,"column":3}},{"start":{"line":1325,"column":2},"end":{"line":1327,"column":3}}],"line":1325},"22":{"loc":{"start":{"line":1396,"column":2},"end":{"line":1400,"column":3}},"type":"if","locations":[{"start":{"line":1396,"column":2},"end":{"line":1400,"column":3}},{"start":{"line":1396,"column":2},"end":{"line":1400,"column":3}}],"line":1396},"23":{"loc":{"start":{"line":1445,"column":2},"end":{"line":1457,"column":3}},"type":"if","locations":[{"start":{"line":1445,"column":2},"end":{"line":1457,"column":3}},{"start":{"line":1445,"column":2},"end":{"line":1457,"column":3}}],"line":1445},"24":{"loc":{"start":{"line":1497,"column":4},"end":{"line":1557,"column":5}},"type":"if","locations":[{"start":{"line":1497,"column":4},"end":{"line":1557,"column":5}},{"start":{"line":1497,"column":4},"end":{"line":1557,"column":5}}],"line":1497},"25":{"loc":{"start":{"line":1498,"column":6},"end":{"line":1500,"column":61}},"type":"binary-expr","locations":[{"start":{"line":1498,"column":6},"end":{"line":1498,"column":64}},{"start":{"line":1499,"column":6},"end":{"line":1500,"column":61}}],"line":1498},"26":{"loc":{"start":{"line":1565,"column":2},"end":{"line":1572,"column":3}},"type":"if","locations":[{"start":{"line":1565,"column":2},"end":{"line":1572,"column":3}},{"start":{"line":1565,"column":2},"end":{"line":1572,"column":3}}],"line":1565},"27":{"loc":{"start":{"line":1568,"column":6},"end":{"line":1570,"column":7}},"type":"if","locations":[{"start":{"line":1568,"column":6},"end":{"line":1570,"column":7}},{"start":{"line":1568,"column":6},"end":{"line":1570,"column":7}}],"line":1568},"28":{"loc":{"start":{"line":1636,"column":2},"end":{"line":1648,"column":3}},"type":"if","locations":[{"start":{"line":1636,"column":2},"end":{"line":1648,"column":3}},{"start":{"line":1636,"column":2},"end":{"line":1648,"column":3}}],"line":1636}},"s":{"0":1,"1":1,"2":1,"3":1,"4":0,"5":1,"6":1,"7":1,"8":1,"9":1,"10":1,"11":1,"12":1,"13":4,"14":4,"15":4,"16":4,"17":4,"18":1,"19":0,"20":1,"21":1,"22":4,"23":1,"24":2,"25":1,"26":1,"27":1,"28":1,"29":1,"30":1,"31":1,"32":1,"33":0,"34":0,"35":0,"36":0,"37":0,"38":0,"39":0,"40":0,"41":0,"42":0,"43":0,"44":0,"45":1,"46":1,"47":1,"48":1,"49":4,"50":1,"51":1,"52":1,"53":1,"54":1,"55":1,"56":1,"57":1,"58":1,"59":1,"60":1,"61":1,"62":1,"63":1,"64":1,"65":1,"66":1,"67":1,"68":1,"69":1,"70":1,"71":1,"72":1,"73":1,"74":1,"75":1,"76":1,"77":1,"78":1,"79":1,"80":1,"81":1,"82":1,"83":1,"84":0,"85":0,"86":0,"87":0,"88":0,"89":0,"90":1,"91":0,"92":0,"93":1,"94":0,"95":1,"96":0,"97":1,"98":1,"99":1,"100":1,"101":1,"102":1,"103":1,"104":1,"105":1,"106":1,"107":1,"108":1,"109":1,"110":1,"111":1,"112":0,"113":0,"114":0,"115":0,"116":0,"117":0,"118":0,"119":0,"120":0,"121":0,"122":1,"123":1,"124":1,"125":1,"126":1,"127":1,"128":1,"129":1,"130":1,"131":1,"132":1,"133":1,"134":1,"135":1,"136":1,"137":0,"138":0,"139":0,"140":0,"141":0,"142":1,"143":0,"144":0,"145":0,"146":0,"147":0,"148":0,"149":0,"150":0,"151":0,"152":0,"153":0,"154":0,"155":0,"156":0,"157":0,"158":0,"159":0,"160":0,"161":0,"162":0,"163":0,"164":0,"165":0,"166":0,"167":0,"168":0,"169":1,"170":0,"171":0,"172":0,"173":0,"174":0,"175":0,"176":0,"177":0,"178":0,"179":0,"180":0,"181":0,"182":0,"183":0,"184":0,"185":0,"186":0,"187":0,"188":0,"189":0,"190":0,"191":0,"192":0,"193":0,"194":0,"195":0,"196":0,"197":1,"198":0,"199":1,"200":0,"201":1,"202":0,"203":1,"204":0,"205":1,"206":0,"207":1,"208":1,"209":1,"210":0,"211":1,"212":0,"213":1,"214":0,"215":1,"216":0,"217":1,"218":0,"219":1,"220":0,"221":1,"222":0,"223":1,"224":0,"225":1,"226":0,"227":1,"228":0,"229":1,"230":0,"231":1,"232":0,"233":1,"234":0,"235":1,"236":0,"237":1,"238":0,"239":1,"240":0,"241":1,"242":0,"243":1,"244":0,"245":1,"246":0,"247":1,"248":0,"249":1,"250":0,"251":1,"252":0,"253":1,"254":0,"255":1,"256":0,"257":1,"258":0,"259":1,"260":0,"261":1,"262":0,"263":1,"264":0,"265":1,"266":0,"267":1,"268":0,"269":1,"270":0,"271":1,"272":0,"273":1,"274":0,"275":0,"276":0,"277":1,"278":0,"279":0,"280":0,"281":0,"282":0,"283":1,"284":0,"285":0,"286":0,"287":0,"288":0,"289":0,"290":0,"291":0,"292":1,"293":0,"294":1,"295":0,"296":1,"297":0,"298":0,"299":0,"300":0,"301":0,"302":1,"303":0,"304":1,"305":0,"306":1,"307":0,"308":1,"309":0,"310":1,"311":0,"312":1,"313":0,"314":1,"315":0,"316":1,"317":0,"318":1,"319":0,"320":1,"321":0,"322":1,"323":0,"324":1,"325":0,"326":1,"327":0,"328":0,"329":0,"330":1,"331":0,"332":1,"333":0,"334":0,"335":0,"336":1,"337":0,"338":1,"339":0,"340":1,"341":0,"342":1,"343":0,"344":1,"345":0,"346":1,"347":0,"348":1,"349":0,"350":1,"351":0,"352":0,"353":0,"354":0,"355":0,"356":1,"357":0,"358":0,"359":0,"360":0,"361":0,"362":0,"363":0,"364":0,"365":1,"366":0,"367":1,"368":0,"369":1,"370":0,"371":1,"372":0,"373":1,"374":0,"375":0,"376":0,"377":0,"378":0,"379":0,"380":0,"381":0,"382":0,"383":0,"384":0,"385":0,"386":0,"387":0,"388":0,"389":0,"390":0,"391":0,"392":0,"393":1,"394":0,"395":0,"396":0,"397":0,"398":0,"399":0,"400":0,"401":1,"402":0,"403":1,"404":0,"405":1,"406":0,"407":1,"408":0,"409":1,"410":0,"411":1,"412":0,"413":1,"414":0,"415":1,"416":0,"417":1,"418":0,"419":1,"420":0,"421":0,"422":0,"423":1,"424":0,"425":0,"426":0,"427":0,"428":0,"429":0,"430":0,"431":0,"432":0,"433":0,"434":1,"435":0,"436":0,"437":0,"438":0,"439":0,"440":0,"441":0,"442":0,"443":0,"444":0,"445":0,"446":0,"447":0,"448":0,"449":0,"450":0,"451":0,"452":0,"453":0,"454":0,"455":0,"456":0,"457":0,"458":0,"459":0,"460":0,"461":0,"462":0,"463":1,"464":0,"465":0,"466":0,"467":0,"468":0,"469":0,"470":0,"471":0,"472":0,"473":0,"474":0,"475":0,"476":0,"477":0,"478":0,"479":0,"480":0,"481":0,"482":0,"483":0,"484":0,"485":0,"486":0,"487":0,"488":0,"489":0,"490":0,"491":1,"492":2,"493":1,"494":2,"495":1,"496":1,"497":1,"498":2,"499":1,"500":0,"501":1,"502":0,"503":1,"504":0,"505":1,"506":0,"507":1},"f":{"0":1,"1":4,"2":4,"3":1,"4":4,"5":1,"6":2,"7":1,"8":1,"9":0,"10":0,"11":0,"12":0,"13":0,"14":0,"15":0,"16":0,"17":0,"18":0,"19":0,"20":0,"21":0,"22":0,"23":0,"24":0,"25":0,"26":1,"27":0,"28":0,"29":0,"30":0,"31":0,"32":0,"33":0,"34":0,"35":0,"36":0,"37":0,"38":0,"39":0,"40":0,"41":0,"42":0,"43":0,"44":0,"45":0,"46":0,"47":0,"48":0,"49":0,"50":0,"51":0,"52":0,"53":0,"54":0,"55":0,"56":0,"57":0,"58":0,"59":0,"60":0,"61":0,"62":0,"63":0,"64":0,"65":0,"66":0,"67":0,"68":0,"69":0,"70":0,"71":0,"72":0,"73":0,"74":0,"75":0,"76":0,"77":0,"78":0,"79":0,"80":0,"81":0,"82":0,"83":0,"84":0,"85":0,"86":0,"87":0,"88":0,"89":0,"90":0,"91":0,"92":0,"93":0,"94":0,"95":0,"96":0,"97":0,"98":0,"99":0,"100":0,"101":0,"102":0,"103":0,"104":0,"105":0,"106":0,"107":0,"108":2,"109":2,"110":2,"111":0,"112":0,"113":0,"114":0},"b":{"0":[0,1],"1":[2,2],"2":[1,1],"3":[1,0,0],"4":[1,0],"5":[0,0],"6":[0,0],"7":[0,0],"8":[1,0],"9":[0,0],"10":[0,0],"11":[0,0],"12":[0,0],"13":[0,0],"14":[0,0],"15":[0,0],"16":[0,0],"17":[0,0],"18":[0,0],"19":[0,0],"20":[0,0],"21":[0,0],"22":[0,0],"23":[0,0],"24":[0,0],"25":[0,0],"26":[0,0],"27":[0,0],"28":[1,1]},"_coverageSchema":"1a1c01bbd47fc00a2c39e90264f33305004495a9","hash":"a46cf00f0bc19de9448677560f4f97ea8ea2df8a"}
,"C:\\Users\\Socar\\Documents\\projects\\npm-depot\\bassaudio-updated\\shim.js": {"path":"C:\\Users\\Socar\\Documents\\projects\\npm-depot\\bassaudio-updated\\shim.js","statementMap":{"0":{"start":{"line":1,"column":13},"end":{"line":1,"column":28}},"1":{"start":{"line":2,"column":16},"end":{"line":2,"column":42}},"2":{"start":{"line":3,"column":14},"end":{"line":3,"column":30}},"3":{"start":{"line":5,"column":23},"end":{"line":5,"column":64}},"4":{"start":{"line":7,"column":14},"end":{"line":14,"column":1}},"5":{"start":{"line":16,"column":0},"end":{"line":29,"column":2}},"6":{"start":{"line":17,"column":2},"end":{"line":28,"column":5}},"7":{"start":{"line":18,"column":4},"end":{"line":27,"column":5}},"8":{"start":{"line":19,"column":25},"end":{"line":19,"column":40}},"9":{"start":{"line":21,"column":6},"end":{"line":24,"column":7}},"10":{"start":{"line":22,"column":8},"end":{"line":22,"column":53}},"11":{"start":{"line":23,"column":8},"end":{"line":23,"column":71}},"12":{"start":{"line":26,"column":6},"end":{"line":26,"column":52}}},"fnMap":{"0":{"name":"(anonymous_0)","decl":{"start":{"line":16,"column":17},"end":{"line":16,"column":18}},"loc":{"start":{"line":16,"column":23},"end":{"line":29,"column":1}},"line":16},"1":{"name":"(anonymous_1)","decl":{"start":{"line":17,"column":18},"end":{"line":17,"column":19}},"loc":{"start":{"line":17,"column":25},"end":{"line":28,"column":3}},"line":17}},"branchMap":{"0":{"loc":{"start":{"line":21,"column":6},"end":{"line":24,"column":7}},"type":"if","locations":[{"start":{"line":21,"column":6},"end":{"line":24,"column":7}},{"start":{"line":21,"column":6},"end":{"line":24,"column":7}}],"line":21}},"s":{"0":1,"1":1,"2":1,"3":1,"4":1,"5":1,"6":1,"7":1,"8":1,"9":1,"10":1,"11":1,"12":0},"f":{"0":1,"1":1},"b":{"0":[1,0]},"_coverageSchema":"1a1c01bbd47fc00a2c39e90264f33305004495a9","hash":"a44279d3dc0870d74705755e752e09819bca7584"}
}
