{"C:\\Users\\Socar\\Documents\\projects\\npm-depot\\bassaudio-updated\\index.js": {"path":"C:\\Users\\Socar\\Documents\\projects\\npm-depot\\bassaudio-updated\\index.js","statementMap":{"0":{"start":{"line":17,"column":14},"end":{"line":17,"column":30}},"1":{"start":{"line":18,"column":18},"end":{"line":18,"column":38}},"2":{"start":{"line":19,"column":0},"end":{"line":23,"column":1}},"3":{"start":{"line":20,"column":2},"end":{"line":20,"column":14}},"4":{"start":{"line":22,"column":2},"end":{"line":22,"column":45}},"5":{"start":{"line":25,"column":21},"end":{"line":25,"column":51}},"6":{"start":{"line":27,"column":13},"end":{"line":27,"column":28}},"7":{"start":{"line":28,"column":15},"end":{"line":28,"column":41}},"8":{"start":{"line":29,"column":12},"end":{"line":29,"column":31}},"9":{"start":{"line":30,"column":12},"end":{"line":30,"column":31}},"10":{"start":{"line":31,"column":11},"end":{"line":31,"column":24}},"11":{"start":{"line":34,"column":11},"end":{"line":34,"column":24}},"12":{"start":{"line":35,"column":13},"end":{"line":35,"column":22}},"13":{"start":{"line":37,"column":2},"end":{"line":56,"column":3}},"14":{"start":{"line":39,"column":6},"end":{"line":45,"column":7}},"15":{"start":{"line":40,"column":8},"end":{"line":40,"column":23}},"16":{"start":{"line":41,"column":13},"end":{"line":45,"column":7}},"17":{"start":{"line":42,"column":8},"end":{"line":42,"column":23}},"18":{"start":{"line":44,"column":8},"end":{"line":44,"column":20}},"19":{"start":{"line":47,"column":6},"end":{"line":47,"column":21}},"20":{"start":{"line":49,"column":6},"end":{"line":55,"column":7}},"21":{"start":{"line":50,"column":8},"end":{"line":50,"column":25}},"22":{"start":{"line":51,"column":13},"end":{"line":55,"column":7}},"23":{"start":{"line":52,"column":8},"end":{"line":52,"column":25}},"24":{"start":{"line":54,"column":8},"end":{"line":54,"column":20}},"25":{"start":{"line":57,"column":2},"end":{"line":57,"column":14}},"26":{"start":{"line":61,"column":19},"end":{"line":61,"column":73}},"27":{"start":{"line":63,"column":13},"end":{"line":63,"column":27}},"28":{"start":{"line":64,"column":14},"end":{"line":64,"column":31}},"29":{"start":{"line":65,"column":13},"end":{"line":65,"column":30}},"30":{"start":{"line":73,"column":2},"end":{"line":77,"column":5}},"31":{"start":{"line":95,"column":2},"end":{"line":110,"column":5}},"32":{"start":{"line":117,"column":2},"end":{"line":123,"column":5}},"33":{"start":{"line":125,"column":2},"end":{"line":167,"column":4}},"34":{"start":{"line":169,"column":2},"end":{"line":177,"column":4}},"35":{"start":{"line":179,"column":2},"end":{"line":204,"column":4}},"36":{"start":{"line":205,"column":2},"end":{"line":214,"column":5}},"37":{"start":{"line":216,"column":2},"end":{"line":224,"column":5}},"38":{"start":{"line":226,"column":27},"end":{"line":226,"column":36}},"39":{"start":{"line":227,"column":24},"end":{"line":227,"column":33}},"40":{"start":{"line":228,"column":26},"end":{"line":228,"column":35}},"41":{"start":{"line":229,"column":25},"end":{"line":229,"column":34}},"42":{"start":{"line":230,"column":24},"end":{"line":230,"column":34}},"43":{"start":{"line":231,"column":25},"end":{"line":231,"column":35}},"44":{"start":{"line":233,"column":2},"end":{"line":248,"column":4}},"45":{"start":{"line":250,"column":2},"end":{"line":257,"column":4}},"46":{"start":{"line":259,"column":2},"end":{"line":285,"column":4}},"47":{"start":{"line":287,"column":2},"end":{"line":308,"column":4}},"48":{"start":{"line":310,"column":2},"end":{"line":327,"column":4}},"49":{"start":{"line":329,"column":2},"end":{"line":340,"column":4}},"50":{"start":{"line":342,"column":2},"end":{"line":347,"column":4}},"51":{"start":{"line":349,"column":2},"end":{"line":364,"column":4}},"52":{"start":{"line":366,"column":2},"end":{"line":416,"column":4}},"53":{"start":{"line":418,"column":2},"end":{"line":429,"column":4}},"54":{"start":{"line":431,"column":2},"end":{"line":469,"column":4}},"55":{"start":{"line":471,"column":2},"end":{"line":478,"column":4}},"56":{"start":{"line":480,"column":2},"end":{"line":484,"column":4}},"57":{"start":{"line":485,"column":2},"end":{"line":504,"column":4}},"58":{"start":{"line":506,"column":2},"end":{"line":510,"column":4}},"59":{"start":{"line":512,"column":2},"end":{"line":526,"column":4}},"60":{"start":{"line":527,"column":2},"end":{"line":535,"column":4}},"61":{"start":{"line":528,"column":30},"end":{"line":528,"column":58}},"62":{"start":{"line":530,"column":6},"end":{"line":530,"column":44}},"63":{"start":{"line":531,"column":22},"end":{"line":531,"column":40}},"64":{"start":{"line":532,"column":22},"end":{"line":532,"column":40}},"65":{"start":{"line":533,"column":23},"end":{"line":533,"column":41}},"66":{"start":{"line":534,"column":26},"end":{"line":534,"column":44}},"67":{"start":{"line":537,"column":2},"end":{"line":549,"column":4}},"68":{"start":{"line":541,"column":6},"end":{"line":541,"column":40}},"69":{"start":{"line":542,"column":6},"end":{"line":547,"column":8}},"70":{"start":{"line":551,"column":21},"end":{"line":557,"column":3}},"71":{"start":{"line":555,"column":6},"end":{"line":555,"column":26}},"72":{"start":{"line":558,"column":19},"end":{"line":565,"column":3}},"73":{"start":{"line":562,"column":6},"end":{"line":562,"column":32}},"74":{"start":{"line":567,"column":22},"end":{"line":567,"column":55}},"75":{"start":{"line":568,"column":20},"end":{"line":568,"column":54}},"76":{"start":{"line":569,"column":2},"end":{"line":569,"column":45}},"77":{"start":{"line":570,"column":17},"end":{"line":570,"column":45}},"78":{"start":{"line":571,"column":16},"end":{"line":571,"column":43}},"79":{"start":{"line":572,"column":19},"end":{"line":572,"column":52}},"80":{"start":{"line":574,"column":20},"end":{"line":574,"column":22}},"81":{"start":{"line":575,"column":23},"end":{"line":575,"column":25}},"82":{"start":{"line":576,"column":23},"end":{"line":576,"column":25}},"83":{"start":{"line":577,"column":24},"end":{"line":577,"column":26}},"84":{"start":{"line":578,"column":2},"end":{"line":593,"column":3}},"85":{"start":{"line":579,"column":4},"end":{"line":579,"column":29}},"86":{"start":{"line":580,"column":4},"end":{"line":580,"column":35}},"87":{"start":{"line":581,"column":4},"end":{"line":581,"column":35}},"88":{"start":{"line":582,"column":4},"end":{"line":582,"column":33}},"89":{"start":{"line":583,"column":9},"end":{"line":593,"column":3}},"90":{"start":{"line":584,"column":4},"end":{"line":584,"column":34}},"91":{"start":{"line":585,"column":4},"end":{"line":585,"column":40}},"92":{"start":{"line":586,"column":4},"end":{"line":586,"column":40}},"93":{"start":{"line":587,"column":4},"end":{"line":587,"column":38}},"94":{"start":{"line":588,"column":9},"end":{"line":593,"column":3}},"95":{"start":{"line":589,"column":4},"end":{"line":589,"column":31}},"96":{"start":{"line":590,"column":4},"end":{"line":590,"column":37}},"97":{"start":{"line":591,"column":4},"end":{"line":591,"column":37}},"98":{"start":{"line":592,"column":4},"end":{"line":592,"column":35}},"99":{"start":{"line":594,"column":2},"end":{"line":594,"column":49}},"100":{"start":{"line":595,"column":2},"end":{"line":595,"column":55}},"101":{"start":{"line":596,"column":2},"end":{"line":596,"column":55}},"102":{"start":{"line":597,"column":2},"end":{"line":597,"column":57}},"103":{"start":{"line":598,"column":2},"end":{"line":598,"column":39}},"104":{"start":{"line":599,"column":2},"end":{"line":599,"column":39}},"105":{"start":{"line":600,"column":2},"end":{"line":600,"column":41}},"106":{"start":{"line":602,"column":2},"end":{"line":602,"column":27}},"107":{"start":{"line":603,"column":2},"end":{"line":603,"column":29}},"108":{"start":{"line":605,"column":2},"end":{"line":605,"column":45}},"109":{"start":{"line":607,"column":2},"end":{"line":682,"column":4}},"110":{"start":{"line":687,"column":2},"end":{"line":687,"column":26}},"111":{"start":{"line":690,"column":11},"end":{"line":690,"column":26}},"112":{"start":{"line":691,"column":0},"end":{"line":691,"column":34}},"113":{"start":{"line":693,"column":0},"end":{"line":701,"column":2}},"114":{"start":{"line":694,"column":13},"end":{"line":694,"column":39}},"115":{"start":{"line":696,"column":10},"end":{"line":696,"column":11}},"116":{"start":{"line":697,"column":2},"end":{"line":699,"column":3}},"117":{"start":{"line":698,"column":4},"end":{"line":698,"column":8}},"118":{"start":{"line":700,"column":2},"end":{"line":700,"column":11}},"119":{"start":{"line":703,"column":0},"end":{"line":763,"column":2}},"120":{"start":{"line":704,"column":12},"end":{"line":704,"column":14}},"121":{"start":{"line":705,"column":13},"end":{"line":705,"column":39}},"122":{"start":{"line":707,"column":10},"end":{"line":707,"column":11}},"123":{"start":{"line":708,"column":2},"end":{"line":761,"column":3}},"124":{"start":{"line":710,"column":12},"end":{"line":710,"column":24}},"125":{"start":{"line":711,"column":4},"end":{"line":711,"column":23}},"126":{"start":{"line":712,"column":4},"end":{"line":712,"column":27}},"127":{"start":{"line":713,"column":4},"end":{"line":713,"column":25}},"128":{"start":{"line":714,"column":4},"end":{"line":716,"column":52}},"129":{"start":{"line":717,"column":4},"end":{"line":719,"column":52}},"130":{"start":{"line":720,"column":4},"end":{"line":722,"column":49}},"131":{"start":{"line":723,"column":4},"end":{"line":725,"column":57}},"132":{"start":{"line":726,"column":4},"end":{"line":728,"column":61}},"133":{"start":{"line":729,"column":4},"end":{"line":731,"column":57}},"134":{"start":{"line":732,"column":4},"end":{"line":734,"column":54}},"135":{"start":{"line":735,"column":4},"end":{"line":737,"column":60}},"136":{"start":{"line":738,"column":4},"end":{"line":740,"column":57}},"137":{"start":{"line":741,"column":4},"end":{"line":743,"column":54}},"138":{"start":{"line":744,"column":4},"end":{"line":746,"column":54}},"139":{"start":{"line":747,"column":4},"end":{"line":749,"column":60}},"140":{"start":{"line":750,"column":4},"end":{"line":752,"column":57}},"141":{"start":{"line":753,"column":4},"end":{"line":755,"column":55}},"142":{"start":{"line":756,"column":4},"end":{"line":758,"column":58}},"143":{"start":{"line":759,"column":4},"end":{"line":759,"column":16}},"144":{"start":{"line":760,"column":4},"end":{"line":760,"column":8}},"145":{"start":{"line":762,"column":2},"end":{"line":762,"column":13}},"146":{"start":{"line":765,"column":0},"end":{"line":829,"column":2}},"147":{"start":{"line":766,"column":2},"end":{"line":773,"column":3}},"148":{"start":{"line":767,"column":15},"end":{"line":767,"column":32}},"149":{"start":{"line":768,"column":4},"end":{"line":772,"column":5}},"150":{"start":{"line":769,"column":6},"end":{"line":771,"column":7}},"151":{"start":{"line":770,"column":8},"end":{"line":770,"column":23}},"152":{"start":{"line":774,"column":13},"end":{"line":774,"column":39}},"153":{"start":{"line":776,"column":2},"end":{"line":776,"column":54}},"154":{"start":{"line":777,"column":10},"end":{"line":777,"column":22}},"155":{"start":{"line":779,"column":2},"end":{"line":779,"column":21}},"156":{"start":{"line":780,"column":2},"end":{"line":780,"column":25}},"157":{"start":{"line":781,"column":2},"end":{"line":781,"column":23}},"158":{"start":{"line":782,"column":2},"end":{"line":784,"column":50}},"159":{"start":{"line":785,"column":2},"end":{"line":787,"column":50}},"160":{"start":{"line":788,"column":2},"end":{"line":790,"column":47}},"161":{"start":{"line":791,"column":2},"end":{"line":793,"column":55}},"162":{"start":{"line":794,"column":2},"end":{"line":796,"column":59}},"163":{"start":{"line":797,"column":2},"end":{"line":799,"column":55}},"164":{"start":{"line":800,"column":2},"end":{"line":802,"column":52}},"165":{"start":{"line":803,"column":2},"end":{"line":805,"column":58}},"166":{"start":{"line":806,"column":2},"end":{"line":808,"column":55}},"167":{"start":{"line":809,"column":2},"end":{"line":811,"column":52}},"168":{"start":{"line":812,"column":2},"end":{"line":814,"column":52}},"169":{"start":{"line":815,"column":2},"end":{"line":817,"column":58}},"170":{"start":{"line":818,"column":2},"end":{"line":820,"column":55}},"171":{"start":{"line":821,"column":2},"end":{"line":823,"column":53}},"172":{"start":{"line":824,"column":2},"end":{"line":826,"column":56}},"173":{"start":{"line":828,"column":2},"end":{"line":828,"column":11}},"174":{"start":{"line":831,"column":0},"end":{"line":833,"column":2}},"175":{"start":{"line":832,"column":2},"end":{"line":832,"column":52}},"176":{"start":{"line":834,"column":0},"end":{"line":836,"column":2}},"177":{"start":{"line":835,"column":2},"end":{"line":835,"column":45}},"178":{"start":{"line":837,"column":0},"end":{"line":839,"column":2}},"179":{"start":{"line":838,"column":2},"end":{"line":838,"column":57}},"180":{"start":{"line":840,"column":0},"end":{"line":842,"column":2}},"181":{"start":{"line":841,"column":2},"end":{"line":841,"column":42}},"182":{"start":{"line":844,"column":0},"end":{"line":846,"column":2}},"183":{"start":{"line":845,"column":2},"end":{"line":845,"column":62}},"184":{"start":{"line":848,"column":0},"end":{"line":850,"column":2}},"185":{"start":{"line":849,"column":2},"end":{"line":849,"column":40}},"186":{"start":{"line":852,"column":0},"end":{"line":860,"column":2}},"187":{"start":{"line":859,"column":2},"end":{"line":859,"column":69}},"188":{"start":{"line":862,"column":0},"end":{"line":876,"column":2}},"189":{"start":{"line":869,"column":2},"end":{"line":875,"column":4}},"190":{"start":{"line":878,"column":0},"end":{"line":880,"column":2}},"191":{"start":{"line":879,"column":2},"end":{"line":879,"column":72}},"192":{"start":{"line":882,"column":0},"end":{"line":884,"column":2}},"193":{"start":{"line":883,"column":2},"end":{"line":883,"column":56}},"194":{"start":{"line":886,"column":0},"end":{"line":888,"column":2}},"195":{"start":{"line":887,"column":2},"end":{"line":887,"column":48}},"196":{"start":{"line":890,"column":0},"end":{"line":892,"column":2}},"197":{"start":{"line":891,"column":2},"end":{"line":891,"column":47}},"198":{"start":{"line":894,"column":0},"end":{"line":896,"column":2}},"199":{"start":{"line":895,"column":2},"end":{"line":895,"column":60}},"200":{"start":{"line":898,"column":0},"end":{"line":900,"column":2}},"201":{"start":{"line":899,"column":2},"end":{"line":899,"column":65}},"202":{"start":{"line":902,"column":0},"end":{"line":904,"column":2}},"203":{"start":{"line":903,"column":2},"end":{"line":903,"column":58}},"204":{"start":{"line":906,"column":0},"end":{"line":908,"column":2}},"205":{"start":{"line":907,"column":2},"end":{"line":907,"column":61}},"206":{"start":{"line":910,"column":0},"end":{"line":912,"column":2}},"207":{"start":{"line":911,"column":2},"end":{"line":911,"column":61}},"208":{"start":{"line":914,"column":0},"end":{"line":916,"column":2}},"209":{"start":{"line":915,"column":2},"end":{"line":915,"column":51}},"210":{"start":{"line":918,"column":0},"end":{"line":920,"column":2}},"211":{"start":{"line":919,"column":2},"end":{"line":919,"column":65}},"212":{"start":{"line":922,"column":0},"end":{"line":924,"column":2}},"213":{"start":{"line":923,"column":2},"end":{"line":923,"column":51}},"214":{"start":{"line":926,"column":0},"end":{"line":928,"column":2}},"215":{"start":{"line":927,"column":2},"end":{"line":927,"column":70}},"216":{"start":{"line":930,"column":0},"end":{"line":932,"column":2}},"217":{"start":{"line":931,"column":2},"end":{"line":931,"column":70}},"218":{"start":{"line":934,"column":0},"end":{"line":942,"column":2}},"219":{"start":{"line":935,"column":2},"end":{"line":941,"column":4}},"220":{"start":{"line":944,"column":0},"end":{"line":946,"column":2}},"221":{"start":{"line":945,"column":2},"end":{"line":945,"column":42}},"222":{"start":{"line":948,"column":0},"end":{"line":955,"column":2}},"223":{"start":{"line":954,"column":2},"end":{"line":954,"column":78}},"224":{"start":{"line":957,"column":0},"end":{"line":959,"column":2}},"225":{"start":{"line":958,"column":2},"end":{"line":958,"column":60}},"226":{"start":{"line":962,"column":0},"end":{"line":964,"column":2}},"227":{"start":{"line":963,"column":2},"end":{"line":963,"column":52}},"228":{"start":{"line":966,"column":0},"end":{"line":968,"column":2}},"229":{"start":{"line":967,"column":2},"end":{"line":967,"column":60}},"230":{"start":{"line":970,"column":0},"end":{"line":972,"column":2}},"231":{"start":{"line":971,"column":2},"end":{"line":971,"column":46}},"232":{"start":{"line":974,"column":0},"end":{"line":976,"column":2}},"233":{"start":{"line":975,"column":2},"end":{"line":975,"column":45}},"234":{"start":{"line":978,"column":0},"end":{"line":980,"column":2}},"235":{"start":{"line":979,"column":2},"end":{"line":979,"column":45}},"236":{"start":{"line":982,"column":0},"end":{"line":984,"column":2}},"237":{"start":{"line":983,"column":2},"end":{"line":983,"column":35}},"238":{"start":{"line":986,"column":0},"end":{"line":988,"column":2}},"239":{"start":{"line":987,"column":2},"end":{"line":987,"column":34}},"240":{"start":{"line":990,"column":0},"end":{"line":992,"column":2}},"241":{"start":{"line":991,"column":2},"end":{"line":991,"column":35}},"242":{"start":{"line":994,"column":0},"end":{"line":996,"column":2}},"243":{"start":{"line":995,"column":2},"end":{"line":995,"column":34}},"244":{"start":{"line":998,"column":0},"end":{"line":1000,"column":2}},"245":{"start":{"line":999,"column":2},"end":{"line":999,"column":36}},"246":{"start":{"line":1002,"column":0},"end":{"line":1004,"column":2}},"247":{"start":{"line":1003,"column":2},"end":{"line":1003,"column":39}},"248":{"start":{"line":1006,"column":0},"end":{"line":1008,"column":2}},"249":{"start":{"line":1007,"column":2},"end":{"line":1007,"column":55}},"250":{"start":{"line":1010,"column":0},"end":{"line":1015,"column":2}},"251":{"start":{"line":1011,"column":13},"end":{"line":1011,"column":40}},"252":{"start":{"line":1012,"column":2},"end":{"line":1012,"column":55}},"253":{"start":{"line":1014,"column":2},"end":{"line":1014,"column":14}},"254":{"start":{"line":1017,"column":0},"end":{"line":1028,"column":2}},"255":{"start":{"line":1018,"column":10},"end":{"line":1018,"column":56}},"256":{"start":{"line":1019,"column":2},"end":{"line":1026,"column":3}},"257":{"start":{"line":1023,"column":4},"end":{"line":1023,"column":19}},"258":{"start":{"line":1025,"column":4},"end":{"line":1025,"column":30}},"259":{"start":{"line":1027,"column":2},"end":{"line":1027,"column":11}},"260":{"start":{"line":1031,"column":0},"end":{"line":1040,"column":2}},"261":{"start":{"line":1032,"column":14},"end":{"line":1032,"column":43}},"262":{"start":{"line":1033,"column":12},"end":{"line":1033,"column":24}},"263":{"start":{"line":1034,"column":2},"end":{"line":1034,"column":13}},"264":{"start":{"line":1035,"column":2},"end":{"line":1035,"column":13}},"265":{"start":{"line":1036,"column":2},"end":{"line":1036,"column":14}},"266":{"start":{"line":1037,"column":13},"end":{"line":1037,"column":28}},"267":{"start":{"line":1038,"column":10},"end":{"line":1038,"column":72}},"268":{"start":{"line":1039,"column":2},"end":{"line":1039,"column":11}},"269":{"start":{"line":1041,"column":0},"end":{"line":1043,"column":2}},"270":{"start":{"line":1042,"column":2},"end":{"line":1042,"column":65}},"271":{"start":{"line":1044,"column":0},"end":{"line":1046,"column":2}},"272":{"start":{"line":1045,"column":2},"end":{"line":1045,"column":62}},"273":{"start":{"line":1047,"column":0},"end":{"line":1053,"column":2}},"274":{"start":{"line":1048,"column":14},"end":{"line":1048,"column":43}},"275":{"start":{"line":1049,"column":13},"end":{"line":1049,"column":30}},"276":{"start":{"line":1050,"column":10},"end":{"line":1050,"column":75}},"277":{"start":{"line":1051,"column":12},"end":{"line":1051,"column":47}},"278":{"start":{"line":1052,"column":2},"end":{"line":1052,"column":13}},"279":{"start":{"line":1054,"column":0},"end":{"line":1056,"column":2}},"280":{"start":{"line":1055,"column":2},"end":{"line":1055,"column":58}},"281":{"start":{"line":1057,"column":0},"end":{"line":1059,"column":2}},"282":{"start":{"line":1058,"column":2},"end":{"line":1058,"column":68}},"283":{"start":{"line":1063,"column":0},"end":{"line":1065,"column":2}},"284":{"start":{"line":1064,"column":2},"end":{"line":1064,"column":71}},"285":{"start":{"line":1067,"column":0},"end":{"line":1069,"column":2}},"286":{"start":{"line":1068,"column":2},"end":{"line":1068,"column":62}},"287":{"start":{"line":1071,"column":0},"end":{"line":1073,"column":2}},"288":{"start":{"line":1072,"column":2},"end":{"line":1072,"column":77}},"289":{"start":{"line":1075,"column":0},"end":{"line":1077,"column":2}},"290":{"start":{"line":1076,"column":2},"end":{"line":1076,"column":62}},"291":{"start":{"line":1079,"column":0},"end":{"line":1081,"column":2}},"292":{"start":{"line":1080,"column":2},"end":{"line":1080,"column":71}},"293":{"start":{"line":1083,"column":0},"end":{"line":1085,"column":2}},"294":{"start":{"line":1084,"column":2},"end":{"line":1084,"column":60}},"295":{"start":{"line":1087,"column":0},"end":{"line":1089,"column":2}},"296":{"start":{"line":1088,"column":2},"end":{"line":1088,"column":76}},"297":{"start":{"line":1091,"column":0},"end":{"line":1093,"column":2}},"298":{"start":{"line":1092,"column":2},"end":{"line":1092,"column":76}},"299":{"start":{"line":1095,"column":0},"end":{"line":1108,"column":2}},"300":{"start":{"line":1101,"column":2},"end":{"line":1107,"column":4}},"301":{"start":{"line":1110,"column":0},"end":{"line":1112,"column":2}},"302":{"start":{"line":1111,"column":2},"end":{"line":1111,"column":50}},"303":{"start":{"line":1114,"column":0},"end":{"line":1139,"column":2}},"304":{"start":{"line":1115,"column":2},"end":{"line":1138,"column":3}},"305":{"start":{"line":1116,"column":4},"end":{"line":1135,"column":7}},"306":{"start":{"line":1137,"column":4},"end":{"line":1137,"column":29}},"307":{"start":{"line":1144,"column":0},"end":{"line":1146,"column":2}},"308":{"start":{"line":1145,"column":2},"end":{"line":1145,"column":52}},"309":{"start":{"line":1147,"column":0},"end":{"line":1180,"column":2}},"310":{"start":{"line":1148,"column":2},"end":{"line":1179,"column":3}},"311":{"start":{"line":1149,"column":4},"end":{"line":1176,"column":7}},"312":{"start":{"line":1178,"column":4},"end":{"line":1178,"column":31}},"313":{"start":{"line":1182,"column":0},"end":{"line":1188,"column":2}},"314":{"start":{"line":1183,"column":2},"end":{"line":1187,"column":4}},"315":{"start":{"line":1190,"column":0},"end":{"line":1198,"column":2}},"316":{"start":{"line":1191,"column":2},"end":{"line":1197,"column":4}},"317":{"start":{"line":1200,"column":0},"end":{"line":1202,"column":2}},"318":{"start":{"line":1201,"column":2},"end":{"line":1201,"column":58}},"319":{"start":{"line":1204,"column":0},"end":{"line":1206,"column":2}},"320":{"start":{"line":1205,"column":2},"end":{"line":1205,"column":67}},"321":{"start":{"line":1208,"column":0},"end":{"line":1210,"column":2}},"322":{"start":{"line":1209,"column":2},"end":{"line":1209,"column":54}},"323":{"start":{"line":1212,"column":0},"end":{"line":1238,"column":2}},"324":{"start":{"line":1225,"column":2},"end":{"line":1237,"column":4}},"325":{"start":{"line":1240,"column":0},"end":{"line":1242,"column":2}},"326":{"start":{"line":1241,"column":2},"end":{"line":1241,"column":74}},"327":{"start":{"line":1244,"column":0},"end":{"line":1254,"column":2}},"328":{"start":{"line":1245,"column":2},"end":{"line":1248,"column":3}},"329":{"start":{"line":1246,"column":4},"end":{"line":1246,"column":29}},"330":{"start":{"line":1249,"column":2},"end":{"line":1253,"column":3}},"331":{"start":{"line":1250,"column":4},"end":{"line":1250,"column":76}},"332":{"start":{"line":1252,"column":4},"end":{"line":1252,"column":17}},"333":{"start":{"line":1258,"column":0},"end":{"line":1275,"column":2}},"334":{"start":{"line":1259,"column":2},"end":{"line":1261,"column":3}},"335":{"start":{"line":1260,"column":4},"end":{"line":1260,"column":13}},"336":{"start":{"line":1262,"column":2},"end":{"line":1274,"column":3}},"337":{"start":{"line":1263,"column":17},"end":{"line":1263,"column":35}},"338":{"start":{"line":1264,"column":4},"end":{"line":1268,"column":6}},"339":{"start":{"line":1270,"column":4},"end":{"line":1270,"column":46}},"340":{"start":{"line":1272,"column":4},"end":{"line":1272,"column":42}},"341":{"start":{"line":1273,"column":4},"end":{"line":1273,"column":13}},"342":{"start":{"line":1277,"column":0},"end":{"line":1283,"column":2}},"343":{"start":{"line":1278,"column":2},"end":{"line":1282,"column":4}},"344":{"start":{"line":1285,"column":0},"end":{"line":1290,"column":2}},"345":{"start":{"line":1286,"column":2},"end":{"line":1289,"column":4}},"346":{"start":{"line":1292,"column":0},"end":{"line":1297,"column":2}},"347":{"start":{"line":1293,"column":2},"end":{"line":1296,"column":4}},"348":{"start":{"line":1299,"column":0},"end":{"line":1301,"column":2}},"349":{"start":{"line":1300,"column":2},"end":{"line":1300,"column":44}},"350":{"start":{"line":1303,"column":0},"end":{"line":1325,"column":2}},"351":{"start":{"line":1304,"column":16},"end":{"line":1304,"column":41}},"352":{"start":{"line":1305,"column":2},"end":{"line":1305,"column":37}},"353":{"start":{"line":1306,"column":10},"end":{"line":1306,"column":28}},"354":{"start":{"line":1307,"column":10},"end":{"line":1307,"column":22}},"355":{"start":{"line":1309,"column":2},"end":{"line":1309,"column":20}},"356":{"start":{"line":1310,"column":2},"end":{"line":1310,"column":22}},"357":{"start":{"line":1311,"column":2},"end":{"line":1311,"column":22}},"358":{"start":{"line":1312,"column":2},"end":{"line":1312,"column":24}},"359":{"start":{"line":1313,"column":2},"end":{"line":1313,"column":22}},"360":{"start":{"line":1314,"column":2},"end":{"line":1314,"column":24}},"361":{"start":{"line":1315,"column":2},"end":{"line":1315,"column":24}},"362":{"start":{"line":1316,"column":2},"end":{"line":1316,"column":16}},"363":{"start":{"line":1317,"column":2},"end":{"line":1317,"column":22}},"364":{"start":{"line":1318,"column":2},"end":{"line":1318,"column":20}},"365":{"start":{"line":1319,"column":2},"end":{"line":1319,"column":24}},"366":{"start":{"line":1320,"column":2},"end":{"line":1320,"column":28}},"367":{"start":{"line":1321,"column":2},"end":{"line":1321,"column":26}},"368":{"start":{"line":1322,"column":2},"end":{"line":1322,"column":18}},"369":{"start":{"line":1324,"column":2},"end":{"line":1324,"column":11}},"370":{"start":{"line":1327,"column":0},"end":{"line":1338,"column":2}},"371":{"start":{"line":1328,"column":15},"end":{"line":1328,"column":16}},"372":{"start":{"line":1329,"column":13},"end":{"line":1329,"column":14}},"373":{"start":{"line":1330,"column":2},"end":{"line":1334,"column":3}},"374":{"start":{"line":1331,"column":4},"end":{"line":1331,"column":44}},"375":{"start":{"line":1333,"column":4},"end":{"line":1333,"column":29}},"376":{"start":{"line":1335,"column":2},"end":{"line":1335,"column":26}},"377":{"start":{"line":1337,"column":2},"end":{"line":1337,"column":26}},"378":{"start":{"line":1342,"column":0},"end":{"line":1344,"column":2}},"379":{"start":{"line":1343,"column":2},"end":{"line":1343,"column":40}},"380":{"start":{"line":1346,"column":0},"end":{"line":1348,"column":2}},"381":{"start":{"line":1347,"column":2},"end":{"line":1347,"column":45}},"382":{"start":{"line":1350,"column":0},"end":{"line":1352,"column":2}},"383":{"start":{"line":1351,"column":2},"end":{"line":1351,"column":64}},"384":{"start":{"line":1354,"column":0},"end":{"line":1356,"column":2}},"385":{"start":{"line":1355,"column":2},"end":{"line":1355,"column":50}},"386":{"start":{"line":1358,"column":0},"end":{"line":1360,"column":2}},"387":{"start":{"line":1359,"column":2},"end":{"line":1359,"column":57}},"388":{"start":{"line":1362,"column":0},"end":{"line":1364,"column":2}},"389":{"start":{"line":1363,"column":2},"end":{"line":1363,"column":53}},"390":{"start":{"line":1366,"column":0},"end":{"line":1368,"column":2}},"391":{"start":{"line":1367,"column":2},"end":{"line":1367,"column":46}},"392":{"start":{"line":1370,"column":0},"end":{"line":1372,"column":2}},"393":{"start":{"line":1371,"column":2},"end":{"line":1371,"column":51}},"394":{"start":{"line":1374,"column":0},"end":{"line":1376,"column":2}},"395":{"start":{"line":1375,"column":2},"end":{"line":1375,"column":64}},"396":{"start":{"line":1378,"column":0},"end":{"line":1393,"column":2}},"397":{"start":{"line":1379,"column":2},"end":{"line":1391,"column":3}},"398":{"start":{"line":1380,"column":4},"end":{"line":1390,"column":6}},"399":{"start":{"line":1392,"column":2},"end":{"line":1392,"column":71}},"400":{"start":{"line":1409,"column":0},"end":{"line":1422,"column":2}},"401":{"start":{"line":1410,"column":16},"end":{"line":1410,"column":47}},"402":{"start":{"line":1411,"column":2},"end":{"line":1411,"column":43}},"403":{"start":{"line":1412,"column":10},"end":{"line":1412,"column":28}},"404":{"start":{"line":1413,"column":10},"end":{"line":1413,"column":22}},"405":{"start":{"line":1415,"column":2},"end":{"line":1415,"column":20}},"406":{"start":{"line":1416,"column":2},"end":{"line":1416,"column":24}},"407":{"start":{"line":1417,"column":2},"end":{"line":1417,"column":22}},"408":{"start":{"line":1418,"column":2},"end":{"line":1418,"column":26}},"409":{"start":{"line":1419,"column":2},"end":{"line":1419,"column":18}},"410":{"start":{"line":1421,"column":2},"end":{"line":1421,"column":11}},"411":{"start":{"line":1424,"column":0},"end":{"line":1496,"column":2}},"412":{"start":{"line":1425,"column":12},"end":{"line":1425,"column":14}},"413":{"start":{"line":1426,"column":13},"end":{"line":1426,"column":39}},"414":{"start":{"line":1429,"column":10},"end":{"line":1429,"column":11}},"415":{"start":{"line":1430,"column":2},"end":{"line":1494,"column":3}},"416":{"start":{"line":1431,"column":4},"end":{"line":1491,"column":5}},"417":{"start":{"line":1437,"column":14},"end":{"line":1437,"column":26}},"418":{"start":{"line":1439,"column":6},"end":{"line":1439,"column":25}},"419":{"start":{"line":1440,"column":6},"end":{"line":1440,"column":25}},"420":{"start":{"line":1441,"column":6},"end":{"line":1441,"column":29}},"421":{"start":{"line":1442,"column":6},"end":{"line":1442,"column":27}},"422":{"start":{"line":1443,"column":6},"end":{"line":1445,"column":54}},"423":{"start":{"line":1446,"column":6},"end":{"line":1448,"column":54}},"424":{"start":{"line":1449,"column":6},"end":{"line":1451,"column":51}},"425":{"start":{"line":1452,"column":6},"end":{"line":1454,"column":59}},"426":{"start":{"line":1455,"column":6},"end":{"line":1457,"column":63}},"427":{"start":{"line":1458,"column":6},"end":{"line":1460,"column":59}},"428":{"start":{"line":1461,"column":6},"end":{"line":1463,"column":56}},"429":{"start":{"line":1464,"column":6},"end":{"line":1466,"column":62}},"430":{"start":{"line":1467,"column":6},"end":{"line":1469,"column":59}},"431":{"start":{"line":1470,"column":6},"end":{"line":1472,"column":56}},"432":{"start":{"line":1473,"column":6},"end":{"line":1475,"column":56}},"433":{"start":{"line":1476,"column":6},"end":{"line":1478,"column":62}},"434":{"start":{"line":1479,"column":6},"end":{"line":1481,"column":59}},"435":{"start":{"line":1482,"column":6},"end":{"line":1484,"column":57}},"436":{"start":{"line":1485,"column":6},"end":{"line":1487,"column":60}},"437":{"start":{"line":1489,"column":6},"end":{"line":1489,"column":18}},"438":{"start":{"line":1493,"column":4},"end":{"line":1493,"column":8}},"439":{"start":{"line":1495,"column":2},"end":{"line":1495,"column":13}},"440":{"start":{"line":1498,"column":0},"end":{"line":1562,"column":2}},"441":{"start":{"line":1499,"column":2},"end":{"line":1506,"column":3}},"442":{"start":{"line":1500,"column":15},"end":{"line":1500,"column":38}},"443":{"start":{"line":1501,"column":4},"end":{"line":1505,"column":5}},"444":{"start":{"line":1502,"column":6},"end":{"line":1504,"column":7}},"445":{"start":{"line":1503,"column":8},"end":{"line":1503,"column":23}},"446":{"start":{"line":1507,"column":13},"end":{"line":1507,"column":39}},"447":{"start":{"line":1509,"column":2},"end":{"line":1509,"column":60}},"448":{"start":{"line":1510,"column":10},"end":{"line":1510,"column":22}},"449":{"start":{"line":1512,"column":2},"end":{"line":1512,"column":21}},"450":{"start":{"line":1513,"column":2},"end":{"line":1513,"column":25}},"451":{"start":{"line":1514,"column":2},"end":{"line":1514,"column":23}},"452":{"start":{"line":1515,"column":2},"end":{"line":1517,"column":50}},"453":{"start":{"line":1518,"column":2},"end":{"line":1520,"column":50}},"454":{"start":{"line":1521,"column":2},"end":{"line":1523,"column":47}},"455":{"start":{"line":1524,"column":2},"end":{"line":1526,"column":55}},"456":{"start":{"line":1527,"column":2},"end":{"line":1529,"column":59}},"457":{"start":{"line":1530,"column":2},"end":{"line":1532,"column":55}},"458":{"start":{"line":1533,"column":2},"end":{"line":1535,"column":52}},"459":{"start":{"line":1536,"column":2},"end":{"line":1538,"column":58}},"460":{"start":{"line":1539,"column":2},"end":{"line":1541,"column":55}},"461":{"start":{"line":1542,"column":2},"end":{"line":1544,"column":52}},"462":{"start":{"line":1545,"column":2},"end":{"line":1547,"column":52}},"463":{"start":{"line":1548,"column":2},"end":{"line":1550,"column":58}},"464":{"start":{"line":1551,"column":2},"end":{"line":1553,"column":55}},"465":{"start":{"line":1554,"column":2},"end":{"line":1556,"column":53}},"466":{"start":{"line":1557,"column":2},"end":{"line":1559,"column":56}},"467":{"start":{"line":1561,"column":2},"end":{"line":1561,"column":11}},"468":{"start":{"line":1565,"column":0},"end":{"line":1567,"column":2}},"469":{"start":{"line":1566,"column":2},"end":{"line":1566,"column":49}},"470":{"start":{"line":1569,"column":0},"end":{"line":1581,"column":2}},"471":{"start":{"line":1570,"column":2},"end":{"line":1580,"column":3}},"472":{"start":{"line":1571,"column":4},"end":{"line":1577,"column":7}},"473":{"start":{"line":1579,"column":4},"end":{"line":1579,"column":28}},"474":{"start":{"line":1583,"column":0},"end":{"line":1585,"column":2}},"475":{"start":{"line":1584,"column":2},"end":{"line":1584,"column":44}},"476":{"start":{"line":1586,"column":0},"end":{"line":1588,"column":2}},"477":{"start":{"line":1587,"column":2},"end":{"line":1587,"column":49}},"478":{"start":{"line":1589,"column":0},"end":{"line":1591,"column":2}},"479":{"start":{"line":1590,"column":2},"end":{"line":1590,"column":70}},"480":{"start":{"line":1592,"column":0},"end":{"line":1594,"column":2}},"481":{"start":{"line":1593,"column":2},"end":{"line":1593,"column":47}},"482":{"start":{"line":1595,"column":0},"end":{"line":1597,"column":2}},"483":{"start":{"line":1596,"column":2},"end":{"line":1596,"column":50}},"484":{"start":{"line":1599,"column":0},"end":{"line":1599,"column":32}}},"fnMap":{"0":{"name":"getPlatformDependencies","decl":{"start":{"line":33,"column":9},"end":{"line":33,"column":32}},"loc":{"start":{"line":33,"column":35},"end":{"line":58,"column":1}},"line":33},"1":{"name":"Bass","decl":{"start":{"line":60,"column":9},"end":{"line":60,"column":13}},"loc":{"start":{"line":60,"column":16},"end":{"line":688,"column":1}},"line":60},"2":{"name":"(anonymous_2)","decl":{"start":{"line":528,"column":20},"end":{"line":528,"column":21}},"loc":{"start":{"line":528,"column":30},"end":{"line":528,"column":58}},"line":528},"3":{"name":"(anonymous_3)","decl":{"start":{"line":529,"column":31},"end":{"line":529,"column":32}},"loc":{"start":{"line":530,"column":6},"end":{"line":530,"column":44}},"line":530},"4":{"name":"(anonymous_4)","decl":{"start":{"line":531,"column":15},"end":{"line":531,"column":16}},"loc":{"start":{"line":531,"column":22},"end":{"line":531,"column":40}},"line":531},"5":{"name":"(anonymous_5)","decl":{"start":{"line":532,"column":15},"end":{"line":532,"column":16}},"loc":{"start":{"line":532,"column":22},"end":{"line":532,"column":40}},"line":532},"6":{"name":"(anonymous_6)","decl":{"start":{"line":533,"column":16},"end":{"line":533,"column":17}},"loc":{"start":{"line":533,"column":23},"end":{"line":533,"column":41}},"line":533},"7":{"name":"(anonymous_7)","decl":{"start":{"line":534,"column":19},"end":{"line":534,"column":20}},"loc":{"start":{"line":534,"column":26},"end":{"line":534,"column":44}},"line":534},"8":{"name":"(anonymous_8)","decl":{"start":{"line":540,"column":4},"end":{"line":540,"column":5}},"loc":{"start":{"line":540,"column":43},"end":{"line":548,"column":5}},"line":540},"9":{"name":"(anonymous_9)","decl":{"start":{"line":554,"column":4},"end":{"line":554,"column":5}},"loc":{"start":{"line":554,"column":36},"end":{"line":556,"column":5}},"line":554},"10":{"name":"(anonymous_10)","decl":{"start":{"line":561,"column":4},"end":{"line":561,"column":5}},"loc":{"start":{"line":561,"column":44},"end":{"line":564,"column":5}},"line":561},"11":{"name":"(anonymous_11)","decl":{"start":{"line":693,"column":32},"end":{"line":693,"column":33}},"loc":{"start":{"line":693,"column":44},"end":{"line":701,"column":1}},"line":693},"12":{"name":"(anonymous_12)","decl":{"start":{"line":703,"column":28},"end":{"line":703,"column":29}},"loc":{"start":{"line":703,"column":40},"end":{"line":763,"column":1}},"line":703},"13":{"name":"(anonymous_13)","decl":{"start":{"line":765,"column":27},"end":{"line":765,"column":28}},"loc":{"start":{"line":765,"column":45},"end":{"line":829,"column":1}},"line":765},"14":{"name":"(anonymous_14)","decl":{"start":{"line":831,"column":32},"end":{"line":831,"column":33}},"loc":{"start":{"line":831,"column":57},"end":{"line":833,"column":1}},"line":831},"15":{"name":"(anonymous_15)","decl":{"start":{"line":834,"column":32},"end":{"line":834,"column":33}},"loc":{"start":{"line":834,"column":50},"end":{"line":836,"column":1}},"line":834},"16":{"name":"(anonymous_16)","decl":{"start":{"line":837,"column":36},"end":{"line":837,"column":37}},"loc":{"start":{"line":837,"column":62},"end":{"line":839,"column":1}},"line":837},"17":{"name":"(anonymous_17)","decl":{"start":{"line":840,"column":29},"end":{"line":840,"column":30}},"loc":{"start":{"line":840,"column":47},"end":{"line":842,"column":1}},"line":840},"18":{"name":"(anonymous_18)","decl":{"start":{"line":844,"column":27},"end":{"line":844,"column":28}},"loc":{"start":{"line":844,"column":58},"end":{"line":846,"column":1}},"line":844},"19":{"name":"(anonymous_19)","decl":{"start":{"line":848,"column":33},"end":{"line":848,"column":34}},"loc":{"start":{"line":848,"column":45},"end":{"line":850,"column":1}},"line":848},"20":{"name":"(anonymous_20)","decl":{"start":{"line":852,"column":35},"end":{"line":852,"column":36}},"loc":{"start":{"line":858,"column":2},"end":{"line":860,"column":1}},"line":858},"21":{"name":"(anonymous_21)","decl":{"start":{"line":862,"column":39},"end":{"line":862,"column":40}},"loc":{"start":{"line":868,"column":2},"end":{"line":876,"column":1}},"line":868},"22":{"name":"(anonymous_22)","decl":{"start":{"line":878,"column":38},"end":{"line":878,"column":39}},"loc":{"start":{"line":878,"column":78},"end":{"line":880,"column":1}},"line":878},"23":{"name":"(anonymous_23)","decl":{"start":{"line":882,"column":34},"end":{"line":882,"column":35}},"loc":{"start":{"line":882,"column":61},"end":{"line":884,"column":1}},"line":882},"24":{"name":"(anonymous_24)","decl":{"start":{"line":886,"column":35},"end":{"line":886,"column":36}},"loc":{"start":{"line":886,"column":53},"end":{"line":888,"column":1}},"line":886},"25":{"name":"(anonymous_25)","decl":{"start":{"line":890,"column":34},"end":{"line":890,"column":35}},"loc":{"start":{"line":890,"column":52},"end":{"line":892,"column":1}},"line":890},"26":{"name":"(anonymous_26)","decl":{"start":{"line":894,"column":41},"end":{"line":894,"column":42}},"loc":{"start":{"line":894,"column":65},"end":{"line":896,"column":1}},"line":894},"27":{"name":"(anonymous_27)","decl":{"start":{"line":898,"column":41},"end":{"line":898,"column":42}},"loc":{"start":{"line":898,"column":70},"end":{"line":900,"column":1}},"line":898},"28":{"name":"(anonymous_28)","decl":{"start":{"line":902,"column":39},"end":{"line":902,"column":40}},"loc":{"start":{"line":902,"column":63},"end":{"line":904,"column":1}},"line":902},"29":{"name":"(anonymous_29)","decl":{"start":{"line":906,"column":43},"end":{"line":906,"column":44}},"loc":{"start":{"line":906,"column":66},"end":{"line":908,"column":1}},"line":906},"30":{"name":"(anonymous_30)","decl":{"start":{"line":910,"column":43},"end":{"line":910,"column":44}},"loc":{"start":{"line":910,"column":66},"end":{"line":912,"column":1}},"line":910},"31":{"name":"(anonymous_31)","decl":{"start":{"line":914,"column":38},"end":{"line":914,"column":39}},"loc":{"start":{"line":914,"column":56},"end":{"line":916,"column":1}},"line":914},"32":{"name":"(anonymous_32)","decl":{"start":{"line":918,"column":40},"end":{"line":918,"column":41}},"loc":{"start":{"line":918,"column":70},"end":{"line":920,"column":1}},"line":918},"33":{"name":"(anonymous_33)","decl":{"start":{"line":922,"column":38},"end":{"line":922,"column":39}},"loc":{"start":{"line":922,"column":56},"end":{"line":924,"column":1}},"line":922},"34":{"name":"(anonymous_34)","decl":{"start":{"line":926,"column":42},"end":{"line":926,"column":43}},"loc":{"start":{"line":926,"column":75},"end":{"line":928,"column":1}},"line":926},"35":{"name":"(anonymous_35)","decl":{"start":{"line":930,"column":42},"end":{"line":930,"column":43}},"loc":{"start":{"line":930,"column":75},"end":{"line":932,"column":1}},"line":930},"36":{"name":"(anonymous_36)","decl":{"start":{"line":934,"column":37},"end":{"line":934,"column":38}},"loc":{"start":{"line":934,"column":78},"end":{"line":942,"column":1}},"line":934},"37":{"name":"(anonymous_37)","decl":{"start":{"line":944,"column":35},"end":{"line":944,"column":36}},"loc":{"start":{"line":944,"column":47},"end":{"line":946,"column":1}},"line":944},"38":{"name":"(anonymous_38)","decl":{"start":{"line":948,"column":44},"end":{"line":948,"column":45}},"loc":{"start":{"line":953,"column":2},"end":{"line":955,"column":1}},"line":953},"39":{"name":"(anonymous_39)","decl":{"start":{"line":957,"column":39},"end":{"line":957,"column":40}},"loc":{"start":{"line":957,"column":65},"end":{"line":959,"column":1}},"line":957},"40":{"name":"(anonymous_40)","decl":{"start":{"line":962,"column":39},"end":{"line":962,"column":40}},"loc":{"start":{"line":962,"column":57},"end":{"line":964,"column":1}},"line":962},"41":{"name":"(anonymous_41)","decl":{"start":{"line":966,"column":39},"end":{"line":966,"column":40}},"loc":{"start":{"line":966,"column":65},"end":{"line":968,"column":1}},"line":966},"42":{"name":"(anonymous_42)","decl":{"start":{"line":970,"column":33},"end":{"line":970,"column":34}},"loc":{"start":{"line":970,"column":51},"end":{"line":972,"column":1}},"line":970},"43":{"name":"(anonymous_43)","decl":{"start":{"line":974,"column":32},"end":{"line":974,"column":33}},"loc":{"start":{"line":974,"column":50},"end":{"line":976,"column":1}},"line":974},"44":{"name":"(anonymous_44)","decl":{"start":{"line":978,"column":32},"end":{"line":978,"column":33}},"loc":{"start":{"line":978,"column":50},"end":{"line":980,"column":1}},"line":978},"45":{"name":"(anonymous_45)","decl":{"start":{"line":982,"column":28},"end":{"line":982,"column":29}},"loc":{"start":{"line":982,"column":40},"end":{"line":984,"column":1}},"line":982},"46":{"name":"(anonymous_46)","decl":{"start":{"line":986,"column":27},"end":{"line":986,"column":28}},"loc":{"start":{"line":986,"column":39},"end":{"line":988,"column":1}},"line":986},"47":{"name":"(anonymous_47)","decl":{"start":{"line":990,"column":28},"end":{"line":990,"column":29}},"loc":{"start":{"line":990,"column":40},"end":{"line":992,"column":1}},"line":990},"48":{"name":"(anonymous_48)","decl":{"start":{"line":994,"column":27},"end":{"line":994,"column":28}},"loc":{"start":{"line":994,"column":39},"end":{"line":996,"column":1}},"line":994},"49":{"name":"(anonymous_49)","decl":{"start":{"line":998,"column":29},"end":{"line":998,"column":30}},"loc":{"start":{"line":998,"column":41},"end":{"line":1000,"column":1}},"line":998},"50":{"name":"(anonymous_50)","decl":{"start":{"line":1002,"column":32},"end":{"line":1002,"column":33}},"loc":{"start":{"line":1002,"column":44},"end":{"line":1004,"column":1}},"line":1002},"51":{"name":"(anonymous_51)","decl":{"start":{"line":1006,"column":36},"end":{"line":1006,"column":37}},"loc":{"start":{"line":1006,"column":60},"end":{"line":1008,"column":1}},"line":1006},"52":{"name":"(anonymous_52)","decl":{"start":{"line":1010,"column":37},"end":{"line":1010,"column":38}},"loc":{"start":{"line":1010,"column":55},"end":{"line":1015,"column":1}},"line":1010},"53":{"name":"(anonymous_53)","decl":{"start":{"line":1017,"column":37},"end":{"line":1017,"column":38}},"loc":{"start":{"line":1017,"column":61},"end":{"line":1028,"column":1}},"line":1017},"54":{"name":"(anonymous_54)","decl":{"start":{"line":1031,"column":41},"end":{"line":1031,"column":42}},"loc":{"start":{"line":1031,"column":66},"end":{"line":1040,"column":1}},"line":1031},"55":{"name":"(anonymous_55)","decl":{"start":{"line":1041,"column":47},"end":{"line":1041,"column":48}},"loc":{"start":{"line":1041,"column":65},"end":{"line":1043,"column":1}},"line":1041},"56":{"name":"(anonymous_56)","decl":{"start":{"line":1044,"column":44},"end":{"line":1044,"column":45}},"loc":{"start":{"line":1044,"column":62},"end":{"line":1046,"column":1}},"line":1044},"57":{"name":"(anonymous_57)","decl":{"start":{"line":1047,"column":44},"end":{"line":1047,"column":45}},"loc":{"start":{"line":1047,"column":69},"end":{"line":1053,"column":1}},"line":1047},"58":{"name":"(anonymous_58)","decl":{"start":{"line":1054,"column":40},"end":{"line":1054,"column":41}},"loc":{"start":{"line":1054,"column":58},"end":{"line":1056,"column":1}},"line":1054},"59":{"name":"(anonymous_59)","decl":{"start":{"line":1057,"column":42},"end":{"line":1057,"column":43}},"loc":{"start":{"line":1057,"column":68},"end":{"line":1059,"column":1}},"line":1057},"60":{"name":"(anonymous_60)","decl":{"start":{"line":1063,"column":41},"end":{"line":1063,"column":42}},"loc":{"start":{"line":1063,"column":71},"end":{"line":1065,"column":1}},"line":1063},"61":{"name":"(anonymous_61)","decl":{"start":{"line":1067,"column":44},"end":{"line":1067,"column":45}},"loc":{"start":{"line":1067,"column":62},"end":{"line":1069,"column":1}},"line":1067},"62":{"name":"(anonymous_62)","decl":{"start":{"line":1071,"column":45},"end":{"line":1071,"column":46}},"loc":{"start":{"line":1071,"column":77},"end":{"line":1073,"column":1}},"line":1071},"63":{"name":"(anonymous_63)","decl":{"start":{"line":1075,"column":44},"end":{"line":1075,"column":45}},"loc":{"start":{"line":1075,"column":62},"end":{"line":1077,"column":1}},"line":1075},"64":{"name":"(anonymous_64)","decl":{"start":{"line":1079,"column":47},"end":{"line":1079,"column":48}},"loc":{"start":{"line":1079,"column":71},"end":{"line":1081,"column":1}},"line":1079},"65":{"name":"(anonymous_65)","decl":{"start":{"line":1083,"column":42},"end":{"line":1083,"column":43}},"loc":{"start":{"line":1083,"column":60},"end":{"line":1085,"column":1}},"line":1083},"66":{"name":"(anonymous_66)","decl":{"start":{"line":1087,"column":46},"end":{"line":1087,"column":47}},"loc":{"start":{"line":1087,"column":76},"end":{"line":1089,"column":1}},"line":1087},"67":{"name":"(anonymous_67)","decl":{"start":{"line":1091,"column":47},"end":{"line":1091,"column":48}},"loc":{"start":{"line":1091,"column":76},"end":{"line":1093,"column":1}},"line":1091},"68":{"name":"(anonymous_68)","decl":{"start":{"line":1095,"column":43},"end":{"line":1095,"column":44}},"loc":{"start":{"line":1100,"column":2},"end":{"line":1108,"column":1}},"line":1100},"69":{"name":"(anonymous_69)","decl":{"start":{"line":1110,"column":30},"end":{"line":1110,"column":31}},"loc":{"start":{"line":1110,"column":42},"end":{"line":1112,"column":1}},"line":1110},"70":{"name":"(anonymous_70)","decl":{"start":{"line":1114,"column":29},"end":{"line":1114,"column":30}},"loc":{"start":{"line":1114,"column":46},"end":{"line":1139,"column":1}},"line":1114},"71":{"name":"(anonymous_71)","decl":{"start":{"line":1144,"column":32},"end":{"line":1144,"column":33}},"loc":{"start":{"line":1144,"column":44},"end":{"line":1146,"column":1}},"line":1144},"72":{"name":"(anonymous_72)","decl":{"start":{"line":1147,"column":31},"end":{"line":1147,"column":32}},"loc":{"start":{"line":1147,"column":48},"end":{"line":1180,"column":1}},"line":1147},"73":{"name":"(anonymous_73)","decl":{"start":{"line":1182,"column":39},"end":{"line":1182,"column":40}},"loc":{"start":{"line":1182,"column":67},"end":{"line":1188,"column":1}},"line":1182},"74":{"name":"(anonymous_74)","decl":{"start":{"line":1190,"column":35},"end":{"line":1190,"column":36}},"loc":{"start":{"line":1190,"column":69},"end":{"line":1198,"column":1}},"line":1190},"75":{"name":"(anonymous_75)","decl":{"start":{"line":1200,"column":38},"end":{"line":1200,"column":39}},"loc":{"start":{"line":1200,"column":56},"end":{"line":1202,"column":1}},"line":1200},"76":{"name":"(anonymous_76)","decl":{"start":{"line":1204,"column":39},"end":{"line":1204,"column":40}},"loc":{"start":{"line":1204,"column":65},"end":{"line":1206,"column":1}},"line":1204},"77":{"name":"(anonymous_77)","decl":{"start":{"line":1208,"column":34},"end":{"line":1208,"column":35}},"loc":{"start":{"line":1208,"column":52},"end":{"line":1210,"column":1}},"line":1208},"78":{"name":"(anonymous_78)","decl":{"start":{"line":1212,"column":38},"end":{"line":1212,"column":39}},"loc":{"start":{"line":1224,"column":2},"end":{"line":1238,"column":1}},"line":1224},"79":{"name":"(anonymous_79)","decl":{"start":{"line":1240,"column":42},"end":{"line":1240,"column":43}},"loc":{"start":{"line":1240,"column":72},"end":{"line":1242,"column":1}},"line":1240},"80":{"name":"(anonymous_80)","decl":{"start":{"line":1244,"column":42},"end":{"line":1244,"column":43}},"loc":{"start":{"line":1244,"column":72},"end":{"line":1254,"column":1}},"line":1244},"81":{"name":"(anonymous_81)","decl":{"start":{"line":1258,"column":27},"end":{"line":1258,"column":28}},"loc":{"start":{"line":1258,"column":46},"end":{"line":1275,"column":1}},"line":1258},"82":{"name":"(anonymous_82)","decl":{"start":{"line":1277,"column":27},"end":{"line":1277,"column":28}},"loc":{"start":{"line":1277,"column":57},"end":{"line":1283,"column":1}},"line":1277},"83":{"name":"(anonymous_83)","decl":{"start":{"line":1285,"column":29},"end":{"line":1285,"column":30}},"loc":{"start":{"line":1285,"column":48},"end":{"line":1290,"column":1}},"line":1285},"84":{"name":"(anonymous_84)","decl":{"start":{"line":1292,"column":29},"end":{"line":1292,"column":30}},"loc":{"start":{"line":1292,"column":48},"end":{"line":1297,"column":1}},"line":1292},"85":{"name":"(anonymous_85)","decl":{"start":{"line":1299,"column":30},"end":{"line":1299,"column":31}},"loc":{"start":{"line":1299,"column":49},"end":{"line":1301,"column":1}},"line":1299},"86":{"name":"(anonymous_86)","decl":{"start":{"line":1303,"column":25},"end":{"line":1303,"column":26}},"loc":{"start":{"line":1303,"column":37},"end":{"line":1325,"column":1}},"line":1303},"87":{"name":"(anonymous_87)","decl":{"start":{"line":1327,"column":27},"end":{"line":1327,"column":28}},"loc":{"start":{"line":1327,"column":44},"end":{"line":1338,"column":1}},"line":1327},"88":{"name":"(anonymous_88)","decl":{"start":{"line":1342,"column":33},"end":{"line":1342,"column":34}},"loc":{"start":{"line":1342,"column":45},"end":{"line":1344,"column":1}},"line":1342},"89":{"name":"(anonymous_89)","decl":{"start":{"line":1346,"column":38},"end":{"line":1346,"column":39}},"loc":{"start":{"line":1346,"column":50},"end":{"line":1348,"column":1}},"line":1346},"90":{"name":"(anonymous_90)","decl":{"start":{"line":1350,"column":42},"end":{"line":1350,"column":43}},"loc":{"start":{"line":1350,"column":69},"end":{"line":1352,"column":1}},"line":1350},"91":{"name":"(anonymous_91)","decl":{"start":{"line":1354,"column":36},"end":{"line":1354,"column":37}},"loc":{"start":{"line":1354,"column":55},"end":{"line":1356,"column":1}},"line":1354},"92":{"name":"(anonymous_92)","decl":{"start":{"line":1358,"column":37},"end":{"line":1358,"column":38}},"loc":{"start":{"line":1358,"column":62},"end":{"line":1360,"column":1}},"line":1358},"93":{"name":"(anonymous_93)","decl":{"start":{"line":1362,"column":41},"end":{"line":1362,"column":42}},"loc":{"start":{"line":1362,"column":58},"end":{"line":1364,"column":1}},"line":1362},"94":{"name":"(anonymous_94)","decl":{"start":{"line":1366,"column":33},"end":{"line":1366,"column":34}},"loc":{"start":{"line":1366,"column":51},"end":{"line":1368,"column":1}},"line":1366},"95":{"name":"(anonymous_95)","decl":{"start":{"line":1370,"column":38},"end":{"line":1370,"column":39}},"loc":{"start":{"line":1370,"column":56},"end":{"line":1372,"column":1}},"line":1370},"96":{"name":"(anonymous_96)","decl":{"start":{"line":1374,"column":37},"end":{"line":1374,"column":38}},"loc":{"start":{"line":1374,"column":69},"end":{"line":1376,"column":1}},"line":1374},"97":{"name":"(anonymous_97)","decl":{"start":{"line":1378,"column":34},"end":{"line":1378,"column":35}},"loc":{"start":{"line":1378,"column":74},"end":{"line":1393,"column":1}},"line":1378},"98":{"name":"(anonymous_98)","decl":{"start":{"line":1409,"column":31},"end":{"line":1409,"column":32}},"loc":{"start":{"line":1409,"column":43},"end":{"line":1422,"column":1}},"line":1409},"99":{"name":"(anonymous_99)","decl":{"start":{"line":1424,"column":34},"end":{"line":1424,"column":35}},"loc":{"start":{"line":1424,"column":46},"end":{"line":1496,"column":1}},"line":1424},"100":{"name":"(anonymous_100)","decl":{"start":{"line":1498,"column":33},"end":{"line":1498,"column":34}},"loc":{"start":{"line":1498,"column":51},"end":{"line":1562,"column":1}},"line":1498},"101":{"name":"(anonymous_101)","decl":{"start":{"line":1565,"column":29},"end":{"line":1565,"column":30}},"loc":{"start":{"line":1565,"column":41},"end":{"line":1567,"column":1}},"line":1565},"102":{"name":"(anonymous_102)","decl":{"start":{"line":1569,"column":28},"end":{"line":1569,"column":29}},"loc":{"start":{"line":1569,"column":45},"end":{"line":1581,"column":1}},"line":1569},"103":{"name":"(anonymous_103)","decl":{"start":{"line":1583,"column":33},"end":{"line":1583,"column":34}},"loc":{"start":{"line":1583,"column":45},"end":{"line":1585,"column":1}},"line":1583},"104":{"name":"(anonymous_104)","decl":{"start":{"line":1586,"column":27},"end":{"line":1586,"column":28}},"loc":{"start":{"line":1586,"column":50},"end":{"line":1588,"column":1}},"line":1586},"105":{"name":"(anonymous_105)","decl":{"start":{"line":1589,"column":29},"end":{"line":1589,"column":30}},"loc":{"start":{"line":1589,"column":71},"end":{"line":1591,"column":1}},"line":1589},"106":{"name":"(anonymous_106)","decl":{"start":{"line":1592,"column":30},"end":{"line":1592,"column":31}},"loc":{"start":{"line":1592,"column":48},"end":{"line":1594,"column":1}},"line":1592},"107":{"name":"(anonymous_107)","decl":{"start":{"line":1595,"column":39},"end":{"line":1595,"column":40}},"loc":{"start":{"line":1595,"column":51},"end":{"line":1597,"column":1}},"line":1595}},"branchMap":{"0":{"loc":{"start":{"line":37,"column":2},"end":{"line":56,"column":3}},"type":"switch","locations":[{"start":{"line":38,"column":4},"end":{"line":45,"column":7}},{"start":{"line":46,"column":4},"end":{"line":47,"column":21}},{"start":{"line":48,"column":4},"end":{"line":55,"column":7}}],"line":37},"1":{"loc":{"start":{"line":39,"column":6},"end":{"line":45,"column":7}},"type":"if","locations":[{"start":{"line":39,"column":6},"end":{"line":45,"column":7}},{"start":{"line":39,"column":6},"end":{"line":45,"column":7}}],"line":39},"2":{"loc":{"start":{"line":41,"column":13},"end":{"line":45,"column":7}},"type":"if","locations":[{"start":{"line":41,"column":13},"end":{"line":45,"column":7}},{"start":{"line":41,"column":13},"end":{"line":45,"column":7}}],"line":41},"3":{"loc":{"start":{"line":49,"column":6},"end":{"line":55,"column":7}},"type":"if","locations":[{"start":{"line":49,"column":6},"end":{"line":55,"column":7}},{"start":{"line":49,"column":6},"end":{"line":55,"column":7}}],"line":49},"4":{"loc":{"start":{"line":51,"column":13},"end":{"line":55,"column":7}},"type":"if","locations":[{"start":{"line":51,"column":13},"end":{"line":55,"column":7}},{"start":{"line":51,"column":13},"end":{"line":55,"column":7}}],"line":51},"5":{"loc":{"start":{"line":578,"column":2},"end":{"line":593,"column":3}},"type":"if","locations":[{"start":{"line":578,"column":2},"end":{"line":593,"column":3}},{"start":{"line":578,"column":2},"end":{"line":593,"column":3}}],"line":578},"6":{"loc":{"start":{"line":583,"column":9},"end":{"line":593,"column":3}},"type":"if","locations":[{"start":{"line":583,"column":9},"end":{"line":593,"column":3}},{"start":{"line":583,"column":9},"end":{"line":593,"column":3}}],"line":583},"7":{"loc":{"start":{"line":588,"column":9},"end":{"line":593,"column":3}},"type":"if","locations":[{"start":{"line":588,"column":9},"end":{"line":593,"column":3}},{"start":{"line":588,"column":9},"end":{"line":593,"column":3}}],"line":588},"8":{"loc":{"start":{"line":766,"column":2},"end":{"line":773,"column":3}},"type":"if","locations":[{"start":{"line":766,"column":2},"end":{"line":773,"column":3}},{"start":{"line":766,"column":2},"end":{"line":773,"column":3}}],"line":766},"9":{"loc":{"start":{"line":769,"column":6},"end":{"line":771,"column":7}},"type":"if","locations":[{"start":{"line":769,"column":6},"end":{"line":771,"column":7}},{"start":{"line":769,"column":6},"end":{"line":771,"column":7}}],"line":769},"10":{"loc":{"start":{"line":1019,"column":2},"end":{"line":1026,"column":3}},"type":"if","locations":[{"start":{"line":1019,"column":2},"end":{"line":1026,"column":3}},{"start":{"line":1019,"column":2},"end":{"line":1026,"column":3}}],"line":1019},"11":{"loc":{"start":{"line":1020,"column":4},"end":{"line":1021,"column":55}},"type":"binary-expr","locations":[{"start":{"line":1020,"column":4},"end":{"line":1020,"column":53}},{"start":{"line":1021,"column":4},"end":{"line":1021,"column":55}}],"line":1020},"12":{"loc":{"start":{"line":1111,"column":9},"end":{"line":1111,"column":49}},"type":"cond-expr","locations":[{"start":{"line":1111,"column":37},"end":{"line":1111,"column":42}},{"start":{"line":1111,"column":45},"end":{"line":1111,"column":49}}],"line":1111},"13":{"loc":{"start":{"line":1115,"column":2},"end":{"line":1138,"column":3}},"type":"if","locations":[{"start":{"line":1115,"column":2},"end":{"line":1138,"column":3}},{"start":{"line":1115,"column":2},"end":{"line":1138,"column":3}}],"line":1115},"14":{"loc":{"start":{"line":1145,"column":9},"end":{"line":1145,"column":51}},"type":"cond-expr","locations":[{"start":{"line":1145,"column":39},"end":{"line":1145,"column":44}},{"start":{"line":1145,"column":47},"end":{"line":1145,"column":51}}],"line":1145},"15":{"loc":{"start":{"line":1148,"column":2},"end":{"line":1179,"column":3}},"type":"if","locations":[{"start":{"line":1148,"column":2},"end":{"line":1179,"column":3}},{"start":{"line":1148,"column":2},"end":{"line":1179,"column":3}}],"line":1148},"16":{"loc":{"start":{"line":1245,"column":2},"end":{"line":1248,"column":3}},"type":"if","locations":[{"start":{"line":1245,"column":2},"end":{"line":1248,"column":3}},{"start":{"line":1245,"column":2},"end":{"line":1248,"column":3}}],"line":1245},"17":{"loc":{"start":{"line":1249,"column":2},"end":{"line":1253,"column":3}},"type":"if","locations":[{"start":{"line":1249,"column":2},"end":{"line":1253,"column":3}},{"start":{"line":1249,"column":2},"end":{"line":1253,"column":3}}],"line":1249},"18":{"loc":{"start":{"line":1259,"column":2},"end":{"line":1261,"column":3}},"type":"if","locations":[{"start":{"line":1259,"column":2},"end":{"line":1261,"column":3}},{"start":{"line":1259,"column":2},"end":{"line":1261,"column":3}}],"line":1259},"19":{"loc":{"start":{"line":1330,"column":2},"end":{"line":1334,"column":3}},"type":"if","locations":[{"start":{"line":1330,"column":2},"end":{"line":1334,"column":3}},{"start":{"line":1330,"column":2},"end":{"line":1334,"column":3}}],"line":1330},"20":{"loc":{"start":{"line":1379,"column":2},"end":{"line":1391,"column":3}},"type":"if","locations":[{"start":{"line":1379,"column":2},"end":{"line":1391,"column":3}},{"start":{"line":1379,"column":2},"end":{"line":1391,"column":3}}],"line":1379},"21":{"loc":{"start":{"line":1431,"column":4},"end":{"line":1491,"column":5}},"type":"if","locations":[{"start":{"line":1431,"column":4},"end":{"line":1491,"column":5}},{"start":{"line":1431,"column":4},"end":{"line":1491,"column":5}}],"line":1431},"22":{"loc":{"start":{"line":1432,"column":6},"end":{"line":1434,"column":61}},"type":"binary-expr","locations":[{"start":{"line":1432,"column":6},"end":{"line":1432,"column":64}},{"start":{"line":1433,"column":6},"end":{"line":1434,"column":61}}],"line":1432},"23":{"loc":{"start":{"line":1499,"column":2},"end":{"line":1506,"column":3}},"type":"if","locations":[{"start":{"line":1499,"column":2},"end":{"line":1506,"column":3}},{"start":{"line":1499,"column":2},"end":{"line":1506,"column":3}}],"line":1499},"24":{"loc":{"start":{"line":1502,"column":6},"end":{"line":1504,"column":7}},"type":"if","locations":[{"start":{"line":1502,"column":6},"end":{"line":1504,"column":7}},{"start":{"line":1502,"column":6},"end":{"line":1504,"column":7}}],"line":1502},"25":{"loc":{"start":{"line":1566,"column":9},"end":{"line":1566,"column":48}},"type":"cond-expr","locations":[{"start":{"line":1566,"column":36},"end":{"line":1566,"column":41}},{"start":{"line":1566,"column":44},"end":{"line":1566,"column":48}}],"line":1566},"26":{"loc":{"start":{"line":1570,"column":2},"end":{"line":1580,"column":3}},"type":"if","locations":[{"start":{"line":1570,"column":2},"end":{"line":1580,"column":3}},{"start":{"line":1570,"column":2},"end":{"line":1580,"column":3}}],"line":1570}},"s":{"0":1,"1":1,"2":1,"3":1,"4":0,"5":1,"6":1,"7":1,"8":1,"9":1,"10":1,"11":1,"12":1,"13":1,"14":1,"15":1,"16":0,"17":0,"18":0,"19":0,"20":0,"21":0,"22":0,"23":0,"24":0,"25":0,"26":1,"27":1,"28":1,"29":1,"30":1,"31":1,"32":1,"33":1,"34":1,"35":1,"36":1,"37":1,"38":1,"39":1,"40":1,"41":1,"42":1,"43":1,"44":1,"45":1,"46":1,"47":1,"48":1,"49":1,"50":1,"51":1,"52":1,"53":1,"54":1,"55":1,"56":1,"57":1,"58":1,"59":1,"60":1,"61":0,"62":0,"63":0,"64":0,"65":0,"66":0,"67":1,"68":0,"69":0,"70":1,"71":0,"72":1,"73":0,"74":1,"75":1,"76":1,"77":1,"78":1,"79":1,"80":1,"81":1,"82":1,"83":1,"84":1,"85":1,"86":1,"87":1,"88":1,"89":0,"90":0,"91":0,"92":0,"93":0,"94":0,"95":0,"96":0,"97":0,"98":0,"99":1,"100":1,"101":1,"102":1,"103":1,"104":1,"105":1,"106":1,"107":1,"108":1,"109":1,"110":1,"111":1,"112":1,"113":1,"114":0,"115":0,"116":0,"117":0,"118":0,"119":1,"120":0,"121":0,"122":0,"123":0,"124":0,"125":0,"126":0,"127":0,"128":0,"129":0,"130":0,"131":0,"132":0,"133":0,"134":0,"135":0,"136":0,"137":0,"138":0,"139":0,"140":0,"141":0,"142":0,"143":0,"144":0,"145":0,"146":1,"147":0,"148":0,"149":0,"150":0,"151":0,"152":0,"153":0,"154":0,"155":0,"156":0,"157":0,"158":0,"159":0,"160":0,"161":0,"162":0,"163":0,"164":0,"165":0,"166":0,"167":0,"168":0,"169":0,"170":0,"171":0,"172":0,"173":0,"174":1,"175":0,"176":1,"177":0,"178":1,"179":0,"180":1,"181":0,"182":1,"183":0,"184":1,"185":1,"186":1,"187":0,"188":1,"189":0,"190":1,"191":0,"192":1,"193":0,"194":1,"195":0,"196":1,"197":0,"198":1,"199":0,"200":1,"201":0,"202":1,"203":0,"204":1,"205":0,"206":1,"207":0,"208":1,"209":0,"210":1,"211":0,"212":1,"213":0,"214":1,"215":0,"216":1,"217":0,"218":1,"219":0,"220":1,"221":0,"222":1,"223":0,"224":1,"225":0,"226":1,"227":0,"228":1,"229":0,"230":1,"231":0,"232":1,"233":0,"234":1,"235":0,"236":1,"237":0,"238":1,"239":0,"240":1,"241":0,"242":1,"243":0,"244":1,"245":0,"246":1,"247":0,"248":1,"249":0,"250":1,"251":0,"252":0,"253":0,"254":1,"255":0,"256":0,"257":0,"258":0,"259":0,"260":1,"261":0,"262":0,"263":0,"264":0,"265":0,"266":0,"267":0,"268":0,"269":1,"270":0,"271":1,"272":0,"273":1,"274":0,"275":0,"276":0,"277":0,"278":0,"279":1,"280":0,"281":1,"282":0,"283":1,"284":0,"285":1,"286":0,"287":1,"288":0,"289":1,"290":0,"291":1,"292":0,"293":1,"294":0,"295":1,"296":0,"297":1,"298":0,"299":1,"300":0,"301":1,"302":0,"303":1,"304":0,"305":0,"306":0,"307":1,"308":0,"309":1,"310":0,"311":0,"312":0,"313":1,"314":0,"315":1,"316":0,"317":1,"318":0,"319":1,"320":0,"321":1,"322":0,"323":1,"324":0,"325":1,"326":0,"327":1,"328":0,"329":0,"330":0,"331":0,"332":0,"333":1,"334":0,"335":0,"336":0,"337":0,"338":0,"339":0,"340":0,"341":0,"342":1,"343":0,"344":1,"345":0,"346":1,"347":0,"348":1,"349":0,"350":1,"351":0,"352":0,"353":0,"354":0,"355":0,"356":0,"357":0,"358":0,"359":0,"360":0,"361":0,"362":0,"363":0,"364":0,"365":0,"366":0,"367":0,"368":0,"369":0,"370":1,"371":0,"372":0,"373":0,"374":0,"375":0,"376":0,"377":0,"378":1,"379":0,"380":1,"381":0,"382":1,"383":0,"384":1,"385":0,"386":1,"387":0,"388":1,"389":0,"390":1,"391":0,"392":1,"393":0,"394":1,"395":0,"396":1,"397":0,"398":0,"399":0,"400":1,"401":0,"402":0,"403":0,"404":0,"405":0,"406":0,"407":0,"408":0,"409":0,"410":0,"411":1,"412":0,"413":0,"414":0,"415":0,"416":0,"417":0,"418":0,"419":0,"420":0,"421":0,"422":0,"423":0,"424":0,"425":0,"426":0,"427":0,"428":0,"429":0,"430":0,"431":0,"432":0,"433":0,"434":0,"435":0,"436":0,"437":0,"438":0,"439":0,"440":1,"441":0,"442":0,"443":0,"444":0,"445":0,"446":0,"447":0,"448":0,"449":0,"450":0,"451":0,"452":0,"453":0,"454":0,"455":0,"456":0,"457":0,"458":0,"459":0,"460":0,"461":0,"462":0,"463":0,"464":0,"465":0,"466":0,"467":0,"468":1,"469":0,"470":1,"471":0,"472":0,"473":0,"474":1,"475":0,"476":1,"477":0,"478":1,"479":0,"480":1,"481":0,"482":1,"483":0,"484":1},"f":{"0":1,"1":1,"2":0,"3":0,"4":0,"5":0,"6":0,"7":0,"8":0,"9":0,"10":0,"11":0,"12":0,"13":0,"14":0,"15":0,"16":0,"17":0,"18":0,"19":1,"20":0,"21":0,"22":0,"23":0,"24":0,"25":0,"26":0,"27":0,"28":0,"29":0,"30":0,"31":0,"32":0,"33":0,"34":0,"35":0,"36":0,"37":0,"38":0,"39":0,"40":0,"41":0,"42":0,"43":0,"44":0,"45":0,"46":0,"47":0,"48":0,"49":0,"50":0,"51":0,"52":0,"53":0,"54":0,"55":0,"56":0,"57":0,"58":0,"59":0,"60":0,"61":0,"62":0,"63":0,"64":0,"65":0,"66":0,"67":0,"68":0,"69":0,"70":0,"71":0,"72":0,"73":0,"74":0,"75":0,"76":0,"77":0,"78":0,"79":0,"80":0,"81":0,"82":0,"83":0,"84":0,"85":0,"86":0,"87":0,"88":0,"89":0,"90":0,"91":0,"92":0,"93":0,"94":0,"95":0,"96":0,"97":0,"98":0,"99":0,"100":0,"101":0,"102":0,"103":0,"104":0,"105":0,"106":0,"107":0},"b":{"0":[1,0,0],"1":[1,0],"2":[0,0],"3":[0,0],"4":[0,0],"5":[1,0],"6":[0,0],"7":[0,0],"8":[0,0],"9":[0,0],"10":[0,0],"11":[0,0],"12":[0,0],"13":[0,0],"14":[0,0],"15":[0,0],"16":[0,0],"17":[0,0],"18":[0,0],"19":[0,0],"20":[0,0],"21":[0,0],"22":[0,0],"23":[0,0],"24":[0,0],"25":[0,0],"26":[0,0]},"_coverageSchema":"1a1c01bbd47fc00a2c39e90264f33305004495a9","hash":"b30c6881f0fdf587e5e4dc876652ca7a7c9ba3a0"}
,"C:\\Users\\Socar\\Documents\\projects\\npm-depot\\bassaudio-updated\\shim.js": {"path":"C:\\Users\\Socar\\Documents\\projects\\npm-depot\\bassaudio-updated\\shim.js","statementMap":{"0":{"start":{"line":1,"column":13},"end":{"line":1,"column":28}},"1":{"start":{"line":2,"column":16},"end":{"line":2,"column":42}},"2":{"start":{"line":3,"column":14},"end":{"line":3,"column":30}},"3":{"start":{"line":5,"column":23},"end":{"line":5,"column":64}},"4":{"start":{"line":7,"column":14},"end":{"line":14,"column":1}},"5":{"start":{"line":16,"column":0},"end":{"line":29,"column":2}},"6":{"start":{"line":17,"column":2},"end":{"line":28,"column":5}},"7":{"start":{"line":18,"column":4},"end":{"line":27,"column":5}},"8":{"start":{"line":19,"column":25},"end":{"line":19,"column":40}},"9":{"start":{"line":21,"column":6},"end":{"line":24,"column":7}},"10":{"start":{"line":22,"column":8},"end":{"line":22,"column":53}},"11":{"start":{"line":23,"column":8},"end":{"line":23,"column":71}},"12":{"start":{"line":26,"column":6},"end":{"line":26,"column":52}}},"fnMap":{"0":{"name":"(anonymous_0)","decl":{"start":{"line":16,"column":17},"end":{"line":16,"column":18}},"loc":{"start":{"line":16,"column":23},"end":{"line":29,"column":1}},"line":16},"1":{"name":"(anonymous_1)","decl":{"start":{"line":17,"column":18},"end":{"line":17,"column":19}},"loc":{"start":{"line":17,"column":25},"end":{"line":28,"column":3}},"line":17}},"branchMap":{"0":{"loc":{"start":{"line":21,"column":6},"end":{"line":24,"column":7}},"type":"if","locations":[{"start":{"line":21,"column":6},"end":{"line":24,"column":7}},{"start":{"line":21,"column":6},"end":{"line":24,"column":7}}],"line":21}},"s":{"0":1,"1":1,"2":1,"3":1,"4":1,"5":1,"6":1,"7":1,"8":1,"9":1,"10":1,"11":1,"12":0},"f":{"0":1,"1":1},"b":{"0":[1,0]},"_coverageSchema":"1a1c01bbd47fc00a2c39e90264f33305004495a9","hash":"a44279d3dc0870d74705755e752e09819bca7584"}
}
