TN:
SF:shim.js
FN:16,(anonymous_0)
FN:17,(anonymous_1)
FNF:2
FNH:2
FNDA:2,(anonymous_0)
FNDA:2,(anonymous_1)
DA:1,2
DA:2,2
DA:3,2
DA:5,2
DA:7,2
DA:16,2
DA:17,2
DA:18,2
DA:19,2
DA:21,2
DA:22,2
DA:23,2
DA:24,2
DA:28,0
LF:14
LH:13
BRDA:21,0,0,2
BRDA:21,0,1,0
BRDA:22,1,0,2
BRDA:22,1,1,0
BRF:4
BRH:2
end_of_record
TN:
SF:package\bass.js
FN:37,(anonymous_0)
FN:40,(anonymous_1)
FN:44,(anonymous_2)
FN:52,getPlatformDependencies
FN:97,Bass
FN:232,(anonymous_5)
FN:242,(anonymous_6)
FN:304,(anonymous_7)
FN:370,(anonymous_8)
FN:377,(anonymous_9)
FN:390,(anonymous_10)
FN:401,(anonymous_11)
FN:409,(anonymous_12)
FN:420,(anonymous_13)
FN:435,(anonymous_14)
FN:444,(anonymous_15)
FN:469,(anonymous_16)
FN:488,(anonymous_17)
FN:496,(anonymous_18)
FN:503,(anonymous_19)
FN:510,(anonymous_20)
FN:534,(anonymous_21)
FN:547,(anonymous_22)
FN:562,(anonymous_23)
FN:636,(anonymous_24)
FN:704,(anonymous_25)
FN:708,(anonymous_26)
FN:754,(anonymous_27)
FN:758,(anonymous_28)
FN:806,(anonymous_29)
FN:810,(anonymous_30)
FN:831,enableLib
FN:835,(anonymous_32)
FNF:33
FNH:10
FNDA:0,(anonymous_0)
FNDA:8,(anonymous_1)
FNDA:1,(anonymous_2)
FNDA:2,getPlatformDependencies
FNDA:2,Bass
FNDA:0,(anonymous_5)
FNDA:0,(anonymous_6)
FNDA:0,(anonymous_7)
FNDA:0,(anonymous_8)
FNDA:0,(anonymous_9)
FNDA:0,(anonymous_10)
FNDA:0,(anonymous_11)
FNDA:0,(anonymous_12)
FNDA:0,(anonymous_13)
FNDA:0,(anonymous_14)
FNDA:0,(anonymous_15)
FNDA:0,(anonymous_16)
FNDA:0,(anonymous_17)
FNDA:0,(anonymous_18)
FNDA:0,(anonymous_19)
FNDA:0,(anonymous_20)
FNDA:0,(anonymous_21)
FNDA:0,(anonymous_22)
FNDA:0,(anonymous_23)
FNDA:0,(anonymous_24)
FNDA:0,(anonymous_25)
FNDA:1,(anonymous_26)
FNDA:0,(anonymous_27)
FNDA:1,(anonymous_28)
FNDA:2,(anonymous_29)
FNDA:3,(anonymous_30)
FNDA:6,enableLib
FNDA:87,(anonymous_32)
DA:17,2
DA:18,2
DA:20,2
DA:22,2
DA:23,2
DA:25,2
DA:26,2
DA:27,2
DA:28,2
DA:29,2
DA:31,2
DA:32,2
DA:33,2
DA:34,2
DA:36,2
DA:37,0
DA:40,2
DA:41,8
DA:44,2
DA:45,1
DA:46,1
DA:47,4
DA:49,1
DA:53,2
DA:54,2
DA:56,2
DA:58,2
DA:64,2
DA:65,2
DA:66,0
DA:67,0
DA:69,0
DA:72,0
DA:78,0
DA:80,0
DA:86,0
DA:87,0
DA:88,0
DA:89,0
DA:91,0
DA:94,0
DA:98,2
DA:99,2
DA:100,2
DA:102,0
DA:105,2
DA:106,2
DA:107,2
DA:109,2
DA:110,8
DA:113,2
DA:114,2
DA:116,2
DA:117,2
DA:118,2
DA:120,2
DA:122,2
DA:123,2
DA:124,2
DA:125,2
DA:126,2
DA:127,2
DA:215,2
DA:225,2
DA:228,2
DA:232,2
DA:233,0
DA:235,0
DA:236,0
DA:237,0
DA:239,0
DA:242,2
DA:243,0
DA:244,0
DA:246,0
DA:247,0
DA:249,0
DA:250,0
DA:251,0
DA:252,0
DA:253,0
DA:256,0
DA:259,0
DA:262,0
DA:265,0
DA:268,0
DA:271,0
DA:274,0
DA:277,0
DA:280,0
DA:283,0
DA:286,0
DA:289,0
DA:292,0
DA:295,0
DA:298,0
DA:299,0
DA:301,0
DA:304,2
DA:305,0
DA:306,0
DA:307,0
DA:308,0
DA:309,0
DA:313,0
DA:315,0
DA:316,0
DA:318,0
DA:319,0
DA:320,0
DA:321,0
DA:324,0
DA:327,0
DA:330,0
DA:333,0
DA:336,0
DA:339,0
DA:342,0
DA:345,0
DA:348,0
DA:351,0
DA:354,0
DA:357,0
DA:360,0
DA:363,0
DA:367,0
DA:370,2
DA:371,0
DA:372,0
DA:374,0
DA:377,2
DA:378,0
DA:379,0
DA:383,0
DA:385,0
DA:387,0
DA:390,2
DA:391,0
DA:392,0
DA:393,0
DA:394,0
DA:395,0
DA:396,0
DA:397,0
DA:398,0
DA:401,2
DA:402,0
DA:403,0
DA:404,0
DA:405,0
DA:406,0
DA:409,2
DA:410,0
DA:420,2
DA:426,0
DA:435,2
DA:436,0
DA:444,2
DA:445,0
DA:446,0
DA:459,0
DA:469,2
DA:470,0
DA:471,0
DA:473,0
DA:474,0
DA:475,0
DA:481,0
DA:483,0
DA:484,0
DA:488,2
DA:489,0
DA:496,2
DA:497,0
DA:503,2
DA:504,0
DA:510,2
DA:511,0
DA:512,0
DA:513,0
DA:514,0
DA:516,0
DA:517,0
DA:518,0
DA:519,0
DA:520,0
DA:521,0
DA:522,0
DA:523,0
DA:524,0
DA:525,0
DA:526,0
DA:527,0
DA:528,0
DA:529,0
DA:531,0
DA:534,2
DA:535,0
DA:536,0
DA:537,0
DA:538,0
DA:540,0
DA:542,0
DA:544,0
DA:547,2
DA:548,0
DA:549,0
DA:550,0
DA:551,0
DA:553,0
DA:554,0
DA:555,0
DA:556,0
DA:557,0
DA:559,0
DA:562,2
DA:563,0
DA:564,0
DA:567,0
DA:568,0
DA:569,0
DA:575,0
DA:577,0
DA:578,0
DA:579,0
DA:580,0
DA:581,0
DA:584,0
DA:587,0
DA:590,0
DA:593,0
DA:596,0
DA:599,0
DA:602,0
DA:605,0
DA:608,0
DA:611,0
DA:614,0
DA:617,0
DA:620,0
DA:623,0
DA:627,0
DA:631,0
DA:633,0
DA:636,2
DA:637,0
DA:638,0
DA:639,0
DA:640,0
DA:641,0
DA:645,0
DA:647,0
DA:648,0
DA:650,0
DA:651,0
DA:652,0
DA:653,0
DA:656,0
DA:659,0
DA:662,0
DA:665,0
DA:668,0
DA:671,0
DA:674,0
DA:677,0
DA:680,0
DA:683,0
DA:686,0
DA:689,0
DA:692,0
DA:695,0
DA:699,0
DA:704,2
DA:705,0
DA:708,2
DA:709,1
DA:710,1
DA:740,1
DA:747,0
DA:754,2
DA:755,0
DA:758,2
DA:759,1
DA:760,1
DA:794,1
DA:801,0
DA:806,2
DA:807,2
DA:810,2
DA:811,3
DA:812,2
DA:820,2
DA:827,1
DA:832,6
DA:834,6
DA:835,135
DA:837,6
DA:842,2
LF:298
LH:93
BRDA:56,0,0,2
BRDA:56,0,1,0
BRDA:56,0,2,0
BRDA:64,1,0,2
BRDA:64,1,1,0
BRDA:66,2,0,0
BRDA:66,2,1,0
BRDA:86,3,0,0
BRDA:86,3,1,0
BRDA:88,4,0,0
BRDA:88,4,1,0
BRDA:98,5,0,2
BRDA:98,5,1,0
BRDA:305,6,0,0
BRDA:305,6,1,0
BRDA:308,7,0,0
BRDA:308,7,1,0
BRDA:379,8,0,0
BRDA:379,8,1,0
BRDA:380,9,0,0
BRDA:380,9,1,0
BRDA:445,10,0,0
BRDA:445,10,1,0
BRDA:470,11,0,0
BRDA:470,11,1,0
BRDA:537,12,0,0
BRDA:537,12,1,0
BRDA:569,13,0,0
BRDA:569,13,1,0
BRDA:570,14,0,0
BRDA:570,14,1,0
BRDA:637,15,0,0
BRDA:637,15,1,0
BRDA:640,16,0,0
BRDA:640,16,1,0
BRDA:709,17,0,1
BRDA:709,17,1,0
BRDA:759,18,0,1
BRDA:759,18,1,0
BRDA:811,19,0,2
BRDA:811,19,1,1
BRF:41
BRH:7
end_of_record
TN:
SF:package\flags.js
FN:5,setFlags
FN:388,(anonymous_1)
FN:389,(anonymous_2)
FN:391,(anonymous_3)
FN:392,(anonymous_4)
FN:393,(anonymous_5)
FN:394,(anonymous_6)
FNF:7
FNH:1
FNDA:2,setFlags
FNDA:0,(anonymous_1)
FNDA:0,(anonymous_2)
FNDA:0,(anonymous_3)
FNDA:0,(anonymous_4)
FNDA:0,(anonymous_5)
FNDA:0,(anonymous_6)
DA:6,2
DA:50,2
DA:60,2
DA:86,2
DA:87,2
DA:88,2
DA:89,2
DA:90,2
DA:91,2
DA:93,2
DA:110,2
DA:119,2
DA:147,2
DA:170,2
DA:189,2
DA:202,2
DA:209,2
DA:226,2
DA:278,2
DA:291,2
DA:331,2
DA:340,2
DA:345,2
DA:366,2
DA:372,2
DA:387,2
DA:388,0
DA:390,0
DA:391,0
DA:392,0
DA:393,0
DA:394,0
DA:398,2
LF:33
LH:27
BRF:0
BRH:0
end_of_record
TN:
SF:package\libFile.js
FN:31,(anonymous_0)
FN:37,(anonymous_1)
FN:40,(anonymous_2)
FN:45,(anonymous_3)
FN:48,(anonymous_4)
FN:51,(anonymous_5)
FN:68,(anonymous_6)
FN:72,(anonymous_7)
FN:80,generateTestInput
FNF:9
FNH:9
FNDA:8,(anonymous_0)
FNDA:8,(anonymous_1)
FNDA:6,(anonymous_2)
FNDA:89,(anonymous_3)
FNDA:1,(anonymous_4)
FNDA:87,(anonymous_5)
FNDA:8,(anonymous_6)
FNDA:8,(anonymous_7)
FNDA:8,generateTestInput
DA:5,2
DA:7,2
DA:8,2
DA:9,2
DA:10,2
DA:18,2
DA:19,2
DA:20,2
DA:21,10
DA:23,2
DA:24,2
DA:25,2
DA:26,2
DA:27,12
DA:32,8
DA:33,8
DA:34,8
DA:35,8
DA:38,8
DA:41,6
DA:42,6
DA:43,6
DA:46,89
DA:49,1
DA:52,87
DA:53,1
DA:54,86
DA:55,86
DA:56,163
DA:57,7
DA:58,7
DA:59,0
DA:60,7
DA:62,156
DA:63,152
DA:66,86
DA:69,8
DA:70,8
DA:73,8
DA:81,8
DA:82,8
DA:83,237
DA:84,237
DA:85,237
DA:86,237
DA:88,237
DA:89,237
DA:90,439
DA:91,367
DA:92,72
DA:93,19
DA:94,53
DA:96,237
DA:98,8
DA:100,2
LF:55
LH:54
BRDA:41,0,0,0
BRDA:41,0,1,6
BRDA:46,1,0,2
BRDA:46,1,1,87
BRDA:52,2,0,1
BRDA:52,2,1,86
BRDA:56,3,0,7
BRDA:56,3,1,156
BRDA:58,4,0,0
BRDA:58,4,1,7
BRDA:62,5,0,4
BRDA:62,5,1,152
BRDA:86,6,0,41
BRDA:86,6,1,196
BRDA:90,7,0,367
BRDA:90,7,1,72
BRDA:92,8,0,19
BRDA:92,8,1,53
BRF:18
BRH:16
end_of_record
TN:
SF:package\setCallbacks.js
FN:9,(anonymous_0)
FN:14,(anonymous_1)
FN:20,setCallbacks
FNF:3
FNH:3
FNDA:24,(anonymous_0)
FNDA:7,(anonymous_1)
FNDA:4,setCallbacks
DA:5,2
DA:6,2
DA:10,24
DA:11,24
DA:12,24
DA:15,7
DA:16,0
DA:21,4
DA:30,4
DA:41,4
DA:50,4
DA:59,4
DA:71,4
DA:81,4
DA:83,4
DA:84,24
DA:88,2
LF:17
LH:16
BRDA:15,0,0,7
BRDA:15,0,1,0
BRF:2
BRH:1
end_of_record
TN:
SF:package\setStructs.js
FN:13,(anonymous_0)
FN:20,(anonymous_1)
FN:23,(anonymous_2)
FN:28,setStructs
FNF:4
FNH:4
FNDA:20,(anonymous_0)
FNDA:10,(anonymous_1)
FNDA:10,(anonymous_2)
FNDA:4,setStructs
DA:5,2
DA:7,2
DA:8,2
DA:9,2
DA:10,2
DA:14,20
DA:15,20
DA:16,20
DA:17,20
DA:18,20
DA:21,10
DA:24,10
DA:34,4
DA:35,4
DA:57,4
DA:81,4
DA:89,4
DA:100,4
DA:109,4
DA:110,20
DA:114,2
LF:21
LH:21
BRF:0
BRH:0
end_of_record
