TN:
SF:index.js
FN:35,(anonymous_0)
FN:39,(anonymous_1)
FN:45,(anonymous_2)
FN:48,(anonymous_3)
FN:53,(anonymous_4)
FN:56,(anonymous_5)
FN:59,(anonymous_6)
FN:65,getPlatformDependencies
FN:110,Bass
FN:585,(anonymous_9)
FN:586,(anonymous_10)
FN:588,(anonymous_11)
FN:589,(anonymous_12)
FN:590,(anonymous_13)
FN:591,(anonymous_14)
FN:723,(anonymous_15)
FN:733,(anonymous_16)
FN:795,(anonymous_17)
FN:861,(anonymous_18)
FN:864,(anonymous_19)
FN:867,(anonymous_20)
FN:870,(anonymous_21)
FN:874,(anonymous_22)
FN:878,(anonymous_23)
FN:882,(anonymous_24)
FN:892,(anonymous_25)
FN:908,(anonymous_26)
FN:912,(anonymous_27)
FN:916,(anonymous_28)
FN:920,(anonymous_29)
FN:924,(anonymous_30)
FN:928,(anonymous_31)
FN:932,(anonymous_32)
FN:936,(anonymous_33)
FN:940,(anonymous_34)
FN:944,(anonymous_35)
FN:948,(anonymous_36)
FN:952,(anonymous_37)
FN:956,(anonymous_38)
FN:960,(anonymous_39)
FN:964,(anonymous_40)
FN:974,(anonymous_41)
FN:978,(anonymous_42)
FN:987,(anonymous_43)
FN:992,(anonymous_44)
FN:996,(anonymous_45)
FN:1000,(anonymous_46)
FN:1004,(anonymous_47)
FN:1008,(anonymous_48)
FN:1012,(anonymous_49)
FN:1016,(anonymous_50)
FN:1020,(anonymous_51)
FN:1024,(anonymous_52)
FN:1028,(anonymous_53)
FN:1032,(anonymous_54)
FN:1036,(anonymous_55)
FN:1040,(anonymous_56)
FN:1047,(anonymous_57)
FN:1061,(anonymous_58)
FN:1071,(anonymous_59)
FN:1074,(anonymous_60)
FN:1077,(anonymous_61)
FN:1084,(anonymous_62)
FN:1087,(anonymous_63)
FN:1093,(anonymous_64)
FN:1097,(anonymous_65)
FN:1101,(anonymous_66)
FN:1105,(anonymous_67)
FN:1109,(anonymous_68)
FN:1113,(anonymous_69)
FN:1117,(anonymous_70)
FN:1121,(anonymous_71)
FN:1125,(anonymous_72)
FN:1140,(anonymous_73)
FN:1144,(anonymous_74)
FN:1174,(anonymous_75)
FN:1177,(anonymous_76)
FN:1212,(anonymous_77)
FN:1220,(anonymous_78)
FN:1230,(anonymous_79)
FN:1234,(anonymous_80)
FN:1238,(anonymous_81)
FN:1242,(anonymous_82)
FN:1270,(anonymous_83)
FN:1274,(anonymous_84)
FN:1288,(anonymous_85)
FN:1307,(anonymous_86)
FN:1315,(anonymous_87)
FN:1322,(anonymous_88)
FN:1329,(anonymous_89)
FN:1333,(anonymous_90)
FN:1357,(anonymous_91)
FN:1372,(anonymous_92)
FN:1376,(anonymous_93)
FN:1380,(anonymous_94)
FN:1384,(anonymous_95)
FN:1388,(anonymous_96)
FN:1392,(anonymous_97)
FN:1396,(anonymous_98)
FN:1400,(anonymous_99)
FN:1404,(anonymous_100)
FN:1408,(anonymous_101)
FN:1439,(anonymous_102)
FN:1454,(anonymous_103)
FN:1528,(anonymous_104)
FN:1595,(anonymous_105)
FN:1599,(anonymous_106)
FN:1615,(anonymous_107)
FN:1618,(anonymous_108)
FN:1621,(anonymous_109)
FN:1630,(anonymous_110)
FN:1633,(anonymous_111)
FNF:112
FNH:8
FNDA:0,(anonymous_0)
FNDA:4,(anonymous_1)
FNDA:4,(anonymous_2)
FNDA:1,(anonymous_3)
FNDA:1,(anonymous_4)
FNDA:0,(anonymous_5)
FNDA:1,(anonymous_6)
FNDA:1,getPlatformDependencies
FNDA:1,Bass
FNDA:0,(anonymous_9)
FNDA:0,(anonymous_10)
FNDA:0,(anonymous_11)
FNDA:0,(anonymous_12)
FNDA:0,(anonymous_13)
FNDA:0,(anonymous_14)
FNDA:0,(anonymous_15)
FNDA:0,(anonymous_16)
FNDA:0,(anonymous_17)
FNDA:0,(anonymous_18)
FNDA:0,(anonymous_19)
FNDA:0,(anonymous_20)
FNDA:0,(anonymous_21)
FNDA:0,(anonymous_22)
FNDA:1,(anonymous_23)
FNDA:0,(anonymous_24)
FNDA:0,(anonymous_25)
FNDA:0,(anonymous_26)
FNDA:0,(anonymous_27)
FNDA:0,(anonymous_28)
FNDA:0,(anonymous_29)
FNDA:0,(anonymous_30)
FNDA:0,(anonymous_31)
FNDA:0,(anonymous_32)
FNDA:0,(anonymous_33)
FNDA:0,(anonymous_34)
FNDA:0,(anonymous_35)
FNDA:0,(anonymous_36)
FNDA:0,(anonymous_37)
FNDA:0,(anonymous_38)
FNDA:0,(anonymous_39)
FNDA:0,(anonymous_40)
FNDA:0,(anonymous_41)
FNDA:0,(anonymous_42)
FNDA:0,(anonymous_43)
FNDA:0,(anonymous_44)
FNDA:0,(anonymous_45)
FNDA:0,(anonymous_46)
FNDA:0,(anonymous_47)
FNDA:0,(anonymous_48)
FNDA:0,(anonymous_49)
FNDA:0,(anonymous_50)
FNDA:0,(anonymous_51)
FNDA:0,(anonymous_52)
FNDA:0,(anonymous_53)
FNDA:0,(anonymous_54)
FNDA:0,(anonymous_55)
FNDA:0,(anonymous_56)
FNDA:0,(anonymous_57)
FNDA:0,(anonymous_58)
FNDA:0,(anonymous_59)
FNDA:0,(anonymous_60)
FNDA:0,(anonymous_61)
FNDA:0,(anonymous_62)
FNDA:0,(anonymous_63)
FNDA:0,(anonymous_64)
FNDA:0,(anonymous_65)
FNDA:0,(anonymous_66)
FNDA:0,(anonymous_67)
FNDA:0,(anonymous_68)
FNDA:0,(anonymous_69)
FNDA:0,(anonymous_70)
FNDA:0,(anonymous_71)
FNDA:0,(anonymous_72)
FNDA:0,(anonymous_73)
FNDA:0,(anonymous_74)
FNDA:0,(anonymous_75)
FNDA:0,(anonymous_76)
FNDA:0,(anonymous_77)
FNDA:0,(anonymous_78)
FNDA:0,(anonymous_79)
FNDA:0,(anonymous_80)
FNDA:0,(anonymous_81)
FNDA:0,(anonymous_82)
FNDA:0,(anonymous_83)
FNDA:0,(anonymous_84)
FNDA:0,(anonymous_85)
FNDA:0,(anonymous_86)
FNDA:0,(anonymous_87)
FNDA:0,(anonymous_88)
FNDA:0,(anonymous_89)
FNDA:0,(anonymous_90)
FNDA:0,(anonymous_91)
FNDA:0,(anonymous_92)
FNDA:0,(anonymous_93)
FNDA:0,(anonymous_94)
FNDA:0,(anonymous_95)
FNDA:0,(anonymous_96)
FNDA:0,(anonymous_97)
FNDA:0,(anonymous_98)
FNDA:0,(anonymous_99)
FNDA:0,(anonymous_100)
FNDA:0,(anonymous_101)
FNDA:0,(anonymous_102)
FNDA:0,(anonymous_103)
FNDA:0,(anonymous_104)
FNDA:0,(anonymous_105)
FNDA:0,(anonymous_106)
FNDA:0,(anonymous_107)
FNDA:0,(anonymous_108)
FNDA:0,(anonymous_109)
FNDA:0,(anonymous_110)
FNDA:0,(anonymous_111)
DA:17,1
DA:18,1
DA:19,1
DA:20,1
DA:22,0
DA:25,1
DA:27,1
DA:28,1
DA:29,1
DA:30,1
DA:31,1
DA:32,1
DA:34,1
DA:35,0
DA:40,4
DA:41,4
DA:42,4
DA:43,4
DA:46,4
DA:49,1
DA:50,1
DA:51,1
DA:54,1
DA:57,0
DA:66,1
DA:67,1
DA:69,1
DA:71,1
DA:77,1
DA:78,1
DA:79,0
DA:80,0
DA:82,0
DA:85,0
DA:91,0
DA:93,0
DA:99,0
DA:100,0
DA:101,0
DA:102,0
DA:104,0
DA:107,0
DA:111,1
DA:112,1
DA:113,1
DA:115,1
DA:116,4
DA:119,1
DA:120,1
DA:121,1
DA:128,1
DA:150,1
DA:174,1
DA:182,1
DA:226,1
DA:236,1
DA:262,1
DA:273,1
DA:283,1
DA:284,1
DA:285,1
DA:286,1
DA:287,1
DA:288,1
DA:290,1
DA:307,1
DA:316,1
DA:344,1
DA:367,1
DA:386,1
DA:399,1
DA:406,1
DA:423,1
DA:475,1
DA:488,1
DA:528,1
DA:537,1
DA:542,1
DA:563,1
DA:569,1
DA:584,1
DA:585,0
DA:587,0
DA:588,0
DA:589,0
DA:590,0
DA:591,0
DA:626,1
DA:627,1
DA:628,1
DA:629,1
DA:630,1
DA:631,1
DA:633,1
DA:635,1
DA:712,1
DA:717,1
DA:720,1
DA:721,1
DA:723,1
DA:724,0
DA:726,0
DA:727,0
DA:728,0
DA:730,0
DA:733,1
DA:734,0
DA:735,0
DA:737,0
DA:738,0
DA:740,0
DA:741,0
DA:742,0
DA:743,0
DA:744,0
DA:747,0
DA:750,0
DA:753,0
DA:756,0
DA:759,0
DA:762,0
DA:765,0
DA:768,0
DA:771,0
DA:774,0
DA:777,0
DA:780,0
DA:783,0
DA:786,0
DA:789,0
DA:790,0
DA:792,0
DA:795,1
DA:796,0
DA:797,0
DA:798,0
DA:799,0
DA:800,0
DA:804,0
DA:806,0
DA:807,0
DA:809,0
DA:810,0
DA:811,0
DA:812,0
DA:815,0
DA:818,0
DA:821,0
DA:824,0
DA:827,0
DA:830,0
DA:833,0
DA:836,0
DA:839,0
DA:842,0
DA:845,0
DA:848,0
DA:851,0
DA:854,0
DA:858,0
DA:861,1
DA:862,0
DA:864,1
DA:865,0
DA:867,1
DA:868,0
DA:870,1
DA:871,0
DA:874,1
DA:875,0
DA:878,1
DA:879,1
DA:882,1
DA:889,0
DA:892,1
DA:899,0
DA:908,1
DA:909,0
DA:912,1
DA:913,0
DA:916,1
DA:917,0
DA:920,1
DA:921,0
DA:924,1
DA:925,0
DA:928,1
DA:929,0
DA:932,1
DA:933,0
DA:936,1
DA:937,0
DA:940,1
DA:941,0
DA:944,1
DA:945,0
DA:948,1
DA:949,0
DA:952,1
DA:953,0
DA:956,1
DA:957,0
DA:960,1
DA:961,0
DA:964,1
DA:965,0
DA:974,1
DA:975,0
DA:978,1
DA:984,0
DA:987,1
DA:988,0
DA:992,1
DA:993,0
DA:996,1
DA:997,0
DA:1000,1
DA:1001,0
DA:1004,1
DA:1005,0
DA:1008,1
DA:1009,0
DA:1012,1
DA:1013,0
DA:1016,1
DA:1017,0
DA:1020,1
DA:1021,0
DA:1024,1
DA:1025,0
DA:1028,1
DA:1029,0
DA:1032,1
DA:1033,0
DA:1036,1
DA:1037,0
DA:1040,1
DA:1041,0
DA:1042,0
DA:1044,0
DA:1047,1
DA:1048,0
DA:1049,0
DA:1053,0
DA:1055,0
DA:1057,0
DA:1061,1
DA:1062,0
DA:1063,0
DA:1064,0
DA:1065,0
DA:1066,0
DA:1067,0
DA:1068,0
DA:1069,0
DA:1071,1
DA:1072,0
DA:1074,1
DA:1075,0
DA:1077,1
DA:1078,0
DA:1079,0
DA:1080,0
DA:1081,0
DA:1082,0
DA:1084,1
DA:1085,0
DA:1087,1
DA:1088,0
DA:1093,1
DA:1094,0
DA:1097,1
DA:1098,0
DA:1101,1
DA:1102,0
DA:1105,1
DA:1106,0
DA:1109,1
DA:1110,0
DA:1113,1
DA:1114,0
DA:1117,1
DA:1118,0
DA:1121,1
DA:1122,0
DA:1125,1
DA:1131,0
DA:1140,1
DA:1141,0
DA:1144,1
DA:1145,0
DA:1146,0
DA:1167,0
DA:1174,1
DA:1175,0
DA:1177,1
DA:1178,0
DA:1179,0
DA:1208,0
DA:1212,1
DA:1213,0
DA:1220,1
DA:1221,0
DA:1230,1
DA:1231,0
DA:1234,1
DA:1235,0
DA:1238,1
DA:1239,0
DA:1242,1
DA:1255,0
DA:1270,1
DA:1271,0
DA:1274,1
DA:1275,0
DA:1276,0
DA:1279,0
DA:1280,0
DA:1282,0
DA:1288,1
DA:1289,0
DA:1290,0
DA:1292,0
DA:1293,0
DA:1294,0
DA:1300,0
DA:1302,0
DA:1303,0
DA:1307,1
DA:1308,0
DA:1315,1
DA:1316,0
DA:1322,1
DA:1323,0
DA:1329,1
DA:1330,0
DA:1333,1
DA:1334,0
DA:1335,0
DA:1336,0
DA:1337,0
DA:1339,0
DA:1340,0
DA:1341,0
DA:1342,0
DA:1343,0
DA:1344,0
DA:1345,0
DA:1346,0
DA:1347,0
DA:1348,0
DA:1349,0
DA:1350,0
DA:1351,0
DA:1352,0
DA:1354,0
DA:1357,1
DA:1358,0
DA:1359,0
DA:1360,0
DA:1361,0
DA:1363,0
DA:1365,0
DA:1367,0
DA:1372,1
DA:1373,0
DA:1376,1
DA:1377,0
DA:1380,1
DA:1381,0
DA:1384,1
DA:1385,0
DA:1388,1
DA:1389,0
DA:1392,1
DA:1393,0
DA:1396,1
DA:1397,0
DA:1400,1
DA:1401,0
DA:1404,1
DA:1405,0
DA:1408,1
DA:1409,0
DA:1410,0
DA:1422,0
DA:1439,1
DA:1440,0
DA:1441,0
DA:1442,0
DA:1443,0
DA:1445,0
DA:1446,0
DA:1447,0
DA:1448,0
DA:1449,0
DA:1451,0
DA:1454,1
DA:1455,0
DA:1456,0
DA:1459,0
DA:1460,0
DA:1461,0
DA:1467,0
DA:1469,0
DA:1470,0
DA:1471,0
DA:1472,0
DA:1473,0
DA:1476,0
DA:1479,0
DA:1482,0
DA:1485,0
DA:1488,0
DA:1491,0
DA:1494,0
DA:1497,0
DA:1500,0
DA:1503,0
DA:1506,0
DA:1509,0
DA:1512,0
DA:1515,0
DA:1519,0
DA:1523,0
DA:1525,0
DA:1528,1
DA:1529,0
DA:1530,0
DA:1531,0
DA:1532,0
DA:1533,0
DA:1537,0
DA:1539,0
DA:1540,0
DA:1542,0
DA:1543,0
DA:1544,0
DA:1545,0
DA:1548,0
DA:1551,0
DA:1554,0
DA:1557,0
DA:1560,0
DA:1563,0
DA:1566,0
DA:1569,0
DA:1572,0
DA:1575,0
DA:1578,0
DA:1581,0
DA:1584,0
DA:1587,0
DA:1591,0
DA:1595,1
DA:1596,0
DA:1599,1
DA:1600,0
DA:1601,0
DA:1611,0
DA:1615,1
DA:1616,0
DA:1618,1
DA:1619,0
DA:1621,1
DA:1622,0
DA:1630,1
DA:1631,0
DA:1633,1
DA:1634,0
DA:1637,1
LF:471
LH:177
BRDA:49,0,0,0
BRDA:49,0,1,1
BRDA:54,1,0,0
BRDA:54,1,1,1
BRDA:69,2,0,1
BRDA:69,2,1,0
BRDA:69,2,2,0
BRDA:77,3,0,1
BRDA:77,3,1,0
BRDA:79,4,0,0
BRDA:79,4,1,0
BRDA:99,5,0,0
BRDA:99,5,1,0
BRDA:101,6,0,0
BRDA:101,6,1,0
BRDA:796,7,0,0
BRDA:796,7,1,0
BRDA:799,8,0,0
BRDA:799,8,1,0
BRDA:1049,9,0,0
BRDA:1049,9,1,0
BRDA:1050,10,0,0
BRDA:1050,10,1,0
BRDA:1141,11,0,0
BRDA:1141,11,1,0
BRDA:1145,12,0,0
BRDA:1145,12,1,0
BRDA:1175,13,0,0
BRDA:1175,13,1,0
BRDA:1178,14,0,0
BRDA:1178,14,1,0
BRDA:1275,15,0,0
BRDA:1275,15,1,0
BRDA:1279,16,0,0
BRDA:1279,16,1,0
BRDA:1289,17,0,0
BRDA:1289,17,1,0
BRDA:1360,18,0,0
BRDA:1360,18,1,0
BRDA:1409,19,0,0
BRDA:1409,19,1,0
BRDA:1461,20,0,0
BRDA:1461,20,1,0
BRDA:1462,21,0,0
BRDA:1462,21,1,0
BRDA:1529,22,0,0
BRDA:1529,22,1,0
BRDA:1532,23,0,0
BRDA:1532,23,1,0
BRDA:1600,24,0,0
BRDA:1600,24,1,0
BRF:51
BRH:4
end_of_record
TN:
SF:shim.js
FN:16,(anonymous_0)
FN:17,(anonymous_1)
FNF:2
FNH:2
FNDA:1,(anonymous_0)
FNDA:1,(anonymous_1)
DA:1,1
DA:2,1
DA:3,1
DA:5,1
DA:7,1
DA:16,1
DA:17,1
DA:18,1
DA:19,1
DA:21,1
DA:22,1
DA:23,1
DA:26,0
LF:13
LH:12
BRDA:21,0,0,1
BRDA:21,0,1,0
BRF:2
BRH:1
end_of_record
